# JRE version: OpenJDK Runtime Environment (8.0_202-b03) (build 1.8.0_202-release-1483-b03)
# Java VM: OpenJDK 64-Bit Server VM (25.202-b03 mixed mode windows-amd64 compressed oops)
Heap:
 PSYoungGen      total 189440K, used 18411K [0x00000000e0000000, 0x00000000ed880000, 0x0000000100000000)
  eden space 171008K, 2% used [0x00000000e0000000,0x00000000e03bb130,0x00000000ea700000)
  from space 18432K, 79% used [0x00000000ea700000,0x00000000eb53fcf8,0x00000000eb900000)
  to   space 18432K, 0% used [0x00000000eb900000,0x00000000eb900000,0x00000000ecb00000)
 ParOldGen       total 136704K, used 33841K [0x00000000a0000000, 0x00000000a8580000, 0x00000000e0000000)
  object space 136704K, 24% used [0x00000000a0000000,0x00000000a210c490,0x00000000a8580000)
 Metaspace       used 60846K, capacity 63102K, committed 63400K, reserved 1103872K
  class space    used 8276K, capacity 8793K, committed 8872K, reserved 1048576K
GC Heap History (10 events):
Event: 12.266 GC heap before
{Heap before GC invocations=12 (full 2):
 PSYoungGen      total 117760K, used 107008K [0x00000000e0000000, 0x00000000ea680000, 0x0000000100000000)
  eden space 107008K, 100% used [0x00000000e0000000,0x00000000e6880000,0x00000000e6880000)
  from space 10752K, 0% used [0x00000000e6880000,0x00000000e6880000,0x00000000e7300000)
  to   space 12288K, 0% used [0x00000000e9a80000,0x00000000e9a80000,0x00000000ea680000)
 ParOldGen       total 90624K, used 18039K [0x00000000a0000000, 0x00000000a5880000, 0x00000000e0000000)
  object space 90624K, 19% used [0x00000000a0000000,0x00000000a119de48,0x00000000a5880000)
 Metaspace       used 45352K, capacity 46314K, committed 46632K, reserved 1089536K
  class space    used 6100K, capacity 6382K, committed 6440K, reserved 1048576K
Event: 12.280 GC heap after
Heap after GC invocations=12 (full 2):
 PSYoungGen      total 146944K, used 12270K [0x00000000e0000000, 0x00000000ea680000, 0x0000000100000000)
  eden space 134656K, 0% used [0x00000000e0000000,0x00000000e0000000,0x00000000e8380000)
  from space 12288K, 99% used [0x00000000e9a80000,0x00000000ea67b9f8,0x00000000ea680000)
  to   space 14336K, 0% used [0x00000000e8a80000,0x00000000e8a80000,0x00000000e9880000)
 ParOldGen       total 90624K, used 20160K [0x00000000a0000000, 0x00000000a5880000, 0x00000000e0000000)
  object space 90624K, 22% used [0x00000000a0000000,0x00000000a13b0118,0x00000000a5880000)
 Metaspace       used 45352K, capacity 46314K, committed 46632K, reserved 1089536K
  class space    used 6100K, capacity 6382K, committed 6440K, reserved 1048576K
}
Event: 14.299 GC heap before
{Heap before GC invocations=13 (full 2):
 PSYoungGen      total 146944K, used 146926K [0x00000000e0000000, 0x00000000ea680000, 0x0000000100000000)
  eden space 134656K, 100% used [0x00000000e0000000,0x00000000e8380000,0x00000000e8380000)
  from space 12288K, 99% used [0x00000000e9a80000,0x00000000ea67b9f8,0x00000000ea680000)
  to   space 14336K, 0% used [0x00000000e8a80000,0x00000000e8a80000,0x00000000e9880000)
 ParOldGen       total 90624K, used 20160K [0x00000000a0000000, 0x00000000a5880000, 0x00000000e0000000)
  object space 90624K, 22% used [0x00000000a0000000,0x00000000a13b0118,0x00000000a5880000)
 Metaspace       used 54620K, capacity 56094K, committed 56232K, reserved 1097728K
  class space    used 7390K, capacity 7833K, committed 7848K, reserved 1048576K
Event: 14.325 GC heap after
Heap after GC invocations=13 (full 2):
 PSYoungGen      total 156160K, used 14330K [0x00000000e0000000, 0x00000000ecb00000, 0x0000000100000000)
  eden space 141824K, 0% used [0x00000000e0000000,0x00000000e0000000,0x00000000e8a80000)
  from space 14336K, 99% used [0x00000000e8a80000,0x00000000e987e8e8,0x00000000e9880000)
  to   space 18432K, 0% used [0x00000000eb900000,0x00000000eb900000,0x00000000ecb00000)
 ParOldGen       total 90624K, used 27263K [0x00000000a0000000, 0x00000000a5880000, 0x00000000e0000000)
  object space 90624K, 30% used [0x00000000a0000000,0x00000000a1a9fc48,0x00000000a5880000)
 Metaspace       used 54620K, capacity 56094K, committed 56232K, reserved 1097728K
  class space    used 7390K, capacity 7833K, committed 7848K, reserved 1048576K
}
Event: 15.252 GC heap before
{Heap before GC invocations=14 (full 2):
 PSYoungGen      total 156160K, used 59465K [0x00000000e0000000, 0x00000000ecb00000, 0x0000000100000000)
  eden space 141824K, 31% used [0x00000000e0000000,0x00000000e2c13d30,0x00000000e8a80000)
  from space 14336K, 99% used [0x00000000e8a80000,0x00000000e987e8e8,0x00000000e9880000)
  to   space 18432K, 0% used [0x00000000eb900000,0x00000000eb900000,0x00000000ecb00000)
 ParOldGen       total 90624K, used 27263K [0x00000000a0000000, 0x00000000a5880000, 0x00000000e0000000)
  object space 90624K, 30% used [0x00000000a0000000,0x00000000a1a9fc48,0x00000000a5880000)
 Metaspace       used 57415K, capacity 59018K, committed 59160K, reserved 1099776K
  class space    used 7796K, capacity 8223K, committed 8232K, reserved 1048576K
Event: 15.271 GC heap after
Heap after GC invocations=14 (full 2):
 PSYoungGen      total 189440K, used 4356K [0x00000000e0000000, 0x00000000ed880000, 0x0000000100000000)
  eden space 171008K, 0% used [0x00000000e0000000,0x00000000e0000000,0x00000000ea700000)
  from space 18432K, 23% used [0x00000000eb900000,0x00000000ebd410e0,0x00000000ecb00000)
  to   space 18432K, 0% used [0x00000000ea700000,0x00000000ea700000,0x00000000eb900000)
 ParOldGen       total 90624K, used 34787K [0x00000000a0000000, 0x00000000a5880000, 0x00000000e0000000)
  object space 90624K, 38% used [0x00000000a0000000,0x00000000a21f8e40,0x00000000a5880000)
 Metaspace       used 57415K, capacity 59018K, committed 59160K, reserved 1099776K
  class space    used 7796K, capacity 8223K, committed 8232K, reserved 1048576K
}
Event: 15.272 GC heap before
{Heap before GC invocations=15 (full 3):
 PSYoungGen      total 189440K, used 4356K [0x00000000e0000000, 0x00000000ed880000, 0x0000000100000000)
  eden space 171008K, 0% used [0x00000000e0000000,0x00000000e0000000,0x00000000ea700000)
  from space 18432K, 23% used [0x00000000eb900000,0x00000000ebd410e0,0x00000000ecb00000)
  to   space 18432K, 0% used [0x00000000ea700000,0x00000000ea700000,0x00000000eb900000)
 ParOldGen       total 90624K, used 34787K [0x00000000a0000000, 0x00000000a5880000, 0x00000000e0000000)
  object space 90624K, 38% used [0x00000000a0000000,0x00000000a21f8e40,0x00000000a5880000)
 Metaspace       used 57415K, capacity 59018K, committed 59160K, reserved 1099776K
  class space    used 7796K, capacity 8223K, committed 8232K, reserved 1048576K
Event: 15.522 GC heap after
Heap after GC invocations=15 (full 3):
 PSYoungGen      total 189440K, used 0K [0x00000000e0000000, 0x00000000ed880000, 0x0000000100000000)
  eden space 171008K, 0% used [0x00000000e0000000,0x00000000e0000000,0x00000000ea700000)
  from space 18432K, 0% used [0x00000000eb900000,0x00000000eb900000,0x00000000ecb00000)
  to   space 18432K, 0% used [0x00000000ea700000,0x00000000ea700000,0x00000000eb900000)
 ParOldGen       total 136704K, used 33833K [0x00000000a0000000, 0x00000000a8580000, 0x00000000e0000000)
  object space 136704K, 24% used [0x00000000a0000000,0x00000000a210a490,0x00000000a8580000)
 Metaspace       used 57415K, capacity 59018K, committed 59160K, reserved 1099776K
  class space    used 7796K, capacity 8223K, committed 8232K, reserved 1048576K
}
Event: 18.453 GC heap before
{Heap before GC invocations=16 (full 3):
 PSYoungGen      total 189440K, used 170678K [0x00000000e0000000, 0x00000000ed880000, 0x0000000100000000)
  eden space 171008K, 99% used [0x00000000e0000000,0x00000000ea6ad980,0x00000000ea700000)
  from space 18432K, 0% used [0x00000000eb900000,0x00000000eb900000,0x00000000ecb00000)
  to   space 18432K, 0% used [0x00000000ea700000,0x00000000ea700000,0x00000000eb900000)
 ParOldGen       total 136704K, used 33833K [0x00000000a0000000, 0x00000000a8580000, 0x00000000e0000000)
  object space 136704K, 24% used [0x00000000a0000000,0x00000000a210a490,0x00000000a8580000)
 Metaspace       used 60814K, capacity 63038K, committed 63144K, reserved 1103872K
  class space    used 8276K, capacity 8793K, committed 8872K, reserved 1048576K
Event: 18.485 GC heap after
Heap after GC invocations=16 (full 3):
 PSYoungGen      total 189440K, used 14591K [0x00000000e0000000, 0x00000000ed880000, 0x0000000100000000)
  eden space 171008K, 0% used [0x00000000e0000000,0x00000000e0000000,0x00000000ea700000)
  from space 18432K, 79% used [0x00000000ea700000,0x00000000eb53fcf8,0x00000000eb900000)
  to   space 18432K, 0% used [0x00000000eb900000,0x00000000eb900000,0x00000000ecb00000)
 ParOldGen       total 136704K, used 33841K [0x00000000a0000000, 0x00000000a8580000, 0x00000000e0000000)
  object space 136704K, 24% used [0x00000000a0000000,0x00000000a210c490,0x00000000a8580000)
 Metaspace       used 60814K, capacity 63038K, committed 63144K, reserved 1103872K
  class space    used 8276K, capacity 8793K, committed 8872K, reserved 1048576K
}

