# JRE version: OpenJDK Runtime Environment (8.0_202-b03) (build 1.8.0_202-release-1483-b03)
# Java VM: OpenJDK 64-Bit Server VM (25.202-b03 mixed mode windows-amd64 compressed oops)
Heap:
 PSYoungGen      total 212992K, used 159266K [0x00000000d5580000, 0x00000000e5f80000, 0x0000000100000000)
  eden space 161792K, 75% used [0x00000000d5580000,0x00000000dcc31458,0x00000000df380000)
  from space 51200K, 73% used [0x00000000e2d80000,0x00000000e5257760,0x00000000e5f80000)
  to   space 55296K, 0% used [0x00000000df380000,0x00000000df380000,0x00000000e2980000)
 ParOldGen       total 133120K, used 87530K [0x0000000080000000, 0x0000000088200000, 0x00000000d5580000)
  object space 133120K, 65% used [0x0000000080000000,0x000000008557ab18,0x0000000088200000)
 Metaspace       used 88419K, capacity 92772K, committed 92928K, reserved 1130496K
  class space    used 11371K, capacity 12234K, committed 12288K, reserved 1048576K
GC Heap History (10 events):
Event: 1004.016 GC heap before
{Heap before GC invocations=27 (full 3):
 PSYoungGen      total 222720K, used 222389K [0x00000000d5580000, 0x00000000e7880000, 0x0000000100000000)
  eden space 190464K, 100% used [0x00000000d5580000,0x00000000e0f80000,0x00000000e0f80000)
  from space 32256K, 98% used [0x00000000e1600000,0x00000000e352d6d8,0x00000000e3580000)
  to   space 53760K, 0% used [0x00000000e4400000,0x00000000e4400000,0x00000000e7880000)
 ParOldGen       total 133120K, used 87490K [0x0000000080000000, 0x0000000088200000, 0x00000000d5580000)
  object space 133120K, 65% used [0x0000000080000000,0x0000000085570b18,0x0000000088200000)
 Metaspace       used 86933K, capacity 90984K, committed 91264K, reserved 1128448K
  class space    used 11280K, capacity 12086K, committed 12160K, reserved 1048576K
Event: 1004.057 GC heap after
Heap after GC invocations=27 (full 3):
 PSYoungGen      total 238080K, used 41413K [0x00000000d5580000, 0x00000000e7880000, 0x0000000100000000)
  eden space 184320K, 0% used [0x00000000d5580000,0x00000000d5580000,0x00000000e0980000)
  from space 53760K, 77% used [0x00000000e4400000,0x00000000e6c714d8,0x00000000e7880000)
  to   space 56832K, 0% used [0x00000000e0980000,0x00000000e0980000,0x00000000e4100000)
 ParOldGen       total 133120K, used 87498K [0x0000000080000000, 0x0000000088200000, 0x00000000d5580000)
  object space 133120K, 65% used [0x0000000080000000,0x0000000085572b18,0x0000000088200000)
 Metaspace       used 86933K, capacity 90984K, committed 91264K, reserved 1128448K
  class space    used 11280K, capacity 12086K, committed 12160K, reserved 1048576K
}
Event: 1172.107 GC heap before
{Heap before GC invocations=28 (full 3):
 PSYoungGen      total 238080K, used 225733K [0x00000000d5580000, 0x00000000e7880000, 0x0000000100000000)
  eden space 184320K, 100% used [0x00000000d5580000,0x00000000e0980000,0x00000000e0980000)
  from space 53760K, 77% used [0x00000000e4400000,0x00000000e6c714d8,0x00000000e7880000)
  to   space 56832K, 0% used [0x00000000e0980000,0x00000000e0980000,0x00000000e4100000)
 ParOldGen       total 133120K, used 87498K [0x0000000080000000, 0x0000000088200000, 0x00000000d5580000)
  object space 133120K, 65% used [0x0000000080000000,0x0000000085572b18,0x0000000088200000)
 Metaspace       used 87589K, capacity 91792K, committed 92160K, reserved 1128448K
  class space    used 11334K, capacity 12170K, committed 12288K, reserved 1048576K
Event: 1172.134 GC heap after
Heap after GC invocations=28 (full 3):
 PSYoungGen      total 206848K, used 28297K [0x00000000d5580000, 0x00000000e6d80000, 0x0000000100000000)
  eden space 178176K, 0% used [0x00000000d5580000,0x00000000d5580000,0x00000000e0380000)
  from space 28672K, 98% used [0x00000000e0980000,0x00000000e2522460,0x00000000e2580000)
  to   space 54272K, 0% used [0x00000000e3880000,0x00000000e3880000,0x00000000e6d80000)
 ParOldGen       total 133120K, used 87506K [0x0000000080000000, 0x0000000088200000, 0x00000000d5580000)
  object space 133120K, 65% used [0x0000000080000000,0x0000000085574b18,0x0000000088200000)
 Metaspace       used 87589K, capacity 91792K, committed 92160K, reserved 1128448K
  class space    used 11334K, capacity 12170K, committed 12288K, reserved 1048576K
}
Event: 1541.689 GC heap before
{Heap before GC invocations=29 (full 3):
 PSYoungGen      total 206848K, used 206473K [0x00000000d5580000, 0x00000000e6d80000, 0x0000000100000000)
  eden space 178176K, 100% used [0x00000000d5580000,0x00000000e0380000,0x00000000e0380000)
  from space 28672K, 98% used [0x00000000e0980000,0x00000000e2522460,0x00000000e2580000)
  to   space 54272K, 0% used [0x00000000e3880000,0x00000000e3880000,0x00000000e6d80000)
 ParOldGen       total 133120K, used 87506K [0x0000000080000000, 0x0000000088200000, 0x00000000d5580000)
  object space 133120K, 65% used [0x0000000080000000,0x0000000085574b18,0x0000000088200000)
 Metaspace       used 87907K, capacity 92180K, committed 92416K, reserved 1130496K
  class space    used 11362K, capacity 12222K, committed 12288K, reserved 1048576K
Event: 1541.724 GC heap after
Heap after GC invocations=29 (full 3):
 PSYoungGen      total 226816K, used 42323K [0x00000000d5580000, 0x00000000e6e00000, 0x0000000100000000)
  eden space 172544K, 0% used [0x00000000d5580000,0x00000000d5580000,0x00000000dfe00000)
  from space 54272K, 77% used [0x00000000e3880000,0x00000000e61d4ee0,0x00000000e6d80000)
  to   space 57344K, 0% used [0x00000000dfe00000,0x00000000dfe00000,0x00000000e3600000)
 ParOldGen       total 133120K, used 87514K [0x0000000080000000, 0x0000000088200000, 0x00000000d5580000)
  object space 133120K, 65% used [0x0000000080000000,0x0000000085576b18,0x0000000088200000)
 Metaspace       used 87907K, capacity 92180K, committed 92416K, reserved 1130496K
  class space    used 11362K, capacity 12222K, committed 12288K, reserved 1048576K
}
Event: 1543.956 GC heap before
{Heap before GC invocations=30 (full 3):
 PSYoungGen      total 226816K, used 214867K [0x00000000d5580000, 0x00000000e6e00000, 0x0000000100000000)
  eden space 172544K, 100% used [0x00000000d5580000,0x00000000dfe00000,0x00000000dfe00000)
  from space 54272K, 77% used [0x00000000e3880000,0x00000000e61d4ee0,0x00000000e6d80000)
  to   space 57344K, 0% used [0x00000000dfe00000,0x00000000dfe00000,0x00000000e3600000)
 ParOldGen       total 133120K, used 87514K [0x0000000080000000, 0x0000000088200000, 0x00000000d5580000)
  object space 133120K, 65% used [0x0000000080000000,0x0000000085576b18,0x0000000088200000)
 Metaspace       used 88228K, capacity 92644K, committed 92928K, reserved 1130496K
  class space    used 11369K, capacity 12234K, committed 12288K, reserved 1048576K
Event: 1543.986 GC heap after
Heap after GC invocations=30 (full 3):
 PSYoungGen      total 195584K, used 28440K [0x00000000d5580000, 0x00000000e6280000, 0x0000000100000000)
  eden space 166912K, 0% used [0x00000000d5580000,0x00000000d5580000,0x00000000df880000)
  from space 28672K, 99% used [0x00000000dfe00000,0x00000000e19c63a0,0x00000000e1a00000)
  to   space 54272K, 0% used [0x00000000e2d80000,0x00000000e2d80000,0x00000000e6280000)
 ParOldGen       total 133120K, used 87522K [0x0000000080000000, 0x0000000088200000, 0x00000000d5580000)
  object space 133120K, 65% used [0x0000000080000000,0x0000000085578b18,0x0000000088200000)
 Metaspace       used 88228K, capacity 92644K, committed 92928K, reserved 1130496K
  class space    used 11369K, capacity 12234K, committed 12288K, reserved 1048576K
}
Event: 1900.512 GC heap before
{Heap before GC invocations=31 (full 3):
 PSYoungGen      total 195584K, used 193642K [0x00000000d5580000, 0x00000000e6280000, 0x0000000100000000)
  eden space 166912K, 98% used [0x00000000d5580000,0x00000000df6d4840,0x00000000df880000)
  from space 28672K, 99% used [0x00000000dfe00000,0x00000000e19c63a0,0x00000000e1a00000)
  to   space 54272K, 0% used [0x00000000e2d80000,0x00000000e2d80000,0x00000000e6280000)
 ParOldGen       total 133120K, used 87522K [0x0000000080000000, 0x0000000088200000, 0x00000000d5580000)
  object space 133120K, 65% used [0x0000000080000000,0x0000000085578b18,0x0000000088200000)
 Metaspace       used 88369K, capacity 92708K, committed 92928K, reserved 1130496K
  class space    used 11371K, capacity 12234K, committed 12288K, reserved 1048576K
Event: 1900.540 GC heap after
Heap after GC invocations=31 (full 3):
 PSYoungGen      total 212992K, used 37725K [0x00000000d5580000, 0x00000000e5f80000, 0x0000000100000000)
  eden space 161792K, 0% used [0x00000000d5580000,0x00000000d5580000,0x00000000df380000)
  from space 51200K, 73% used [0x00000000e2d80000,0x00000000e5257760,0x00000000e5f80000)
  to   space 55296K, 0% used [0x00000000df380000,0x00000000df380000,0x00000000e2980000)
 ParOldGen       total 133120K, used 87530K [0x0000000080000000, 0x0000000088200000, 0x00000000d5580000)
  object space 133120K, 65% used [0x0000000080000000,0x000000008557ab18,0x0000000088200000)
 Metaspace       used 88369K, capacity 92708K, committed 92928K, reserved 1130496K
  class space    used 11371K, capacity 12234K, committed 12288K, reserved 1048576K
}

