# JRE version: OpenJDK Runtime Environment (8.0_202-b03) (build 1.8.0_202-release-1483-b03)
# Java VM: OpenJDK 64-Bit Server VM (25.202-b03 mixed mode windows-amd64 compressed oops)
Heap:
 PSYoungGen      total 360960K, used 232725K [0x00000000d5580000, 0x00000000f0600000, 0x0000000100000000)
  eden space 291328K, 75% used [0x00000000d5580000,0x00000000e2d58e90,0x00000000e7200000)
  from space 69632K, 16% used [0x00000000ec200000,0x00000000ecd6c620,0x00000000f0600000)
  to   space 75776K, 0% used [0x00000000e7200000,0x00000000e7200000,0x00000000ebc00000)
 ParOldGen       total 288256K, used 171622K [0x0000000080000000, 0x0000000091980000, 0x00000000d5580000)
  object space 288256K, 59% used [0x0000000080000000,0x000000008a799bb0,0x0000000091980000)
 Metaspace       used 95391K, capacity 99944K, committed 100224K, reserved 1136640K
  class space    used 12179K, capacity 13090K, committed 13184K, reserved 1048576K
GC Heap History (10 events):
Event: 508.532 GC heap before
{Heap before GC invocations=26 (full 4):
 PSYoungGen      total 240128K, used 192000K [0x00000000d5580000, 0x00000000eb680000, 0x0000000100000000)
  eden space 192000K, 100% used [0x00000000d5580000,0x00000000e1100000,0x00000000e1100000)
  from space 48128K, 0% used [0x00000000e1100000,0x00000000e1100000,0x00000000e4000000)
  to   space 67584K, 0% used [0x00000000e7480000,0x00000000e7480000,0x00000000eb680000)
 ParOldGen       total 288256K, used 135387K [0x0000000080000000, 0x0000000091980000, 0x00000000d5580000)
  object space 288256K, 46% used [0x0000000080000000,0x0000000088436ca8,0x0000000091980000)
 Metaspace       used 91849K, capacity 95770K, committed 96640K, reserved 1132544K
  class space    used 11832K, capacity 12675K, committed 12928K, reserved 1048576K
Event: 508.623 GC heap after
Heap after GC invocations=26 (full 4):
 PSYoungGen      total 286720K, used 55693K [0x00000000d5580000, 0x00000000ecd80000, 0x0000000100000000)
  eden space 219136K, 0% used [0x00000000d5580000,0x00000000d5580000,0x00000000e2b80000)
  from space 67584K, 82% used [0x00000000e7480000,0x00000000eaae35e8,0x00000000eb680000)
  to   space 74752K, 0% used [0x00000000e2b80000,0x00000000e2b80000,0x00000000e7480000)
 ParOldGen       total 288256K, used 135395K [0x0000000080000000, 0x0000000091980000, 0x00000000d5580000)
  object space 288256K, 46% used [0x0000000080000000,0x0000000088438ca8,0x0000000091980000)
 Metaspace       used 91849K, capacity 95770K, committed 96640K, reserved 1132544K
  class space    used 11832K, capacity 12675K, committed 12928K, reserved 1048576K
}
Event: 510.294 GC heap before
{Heap before GC invocations=27 (full 4):
 PSYoungGen      total 286720K, used 274829K [0x00000000d5580000, 0x00000000ecd80000, 0x0000000100000000)
  eden space 219136K, 100% used [0x00000000d5580000,0x00000000e2b80000,0x00000000e2b80000)
  from space 67584K, 82% used [0x00000000e7480000,0x00000000eaae35e8,0x00000000eb680000)
  to   space 74752K, 0% used [0x00000000e2b80000,0x00000000e2b80000,0x00000000e7480000)
 ParOldGen       total 288256K, used 135395K [0x0000000080000000, 0x0000000091980000, 0x00000000d5580000)
  object space 288256K, 46% used [0x0000000080000000,0x0000000088438ca8,0x0000000091980000)
 Metaspace       used 92751K, capacity 96708K, committed 97408K, reserved 1134592K
  class space    used 11958K, capacity 12792K, committed 12928K, reserved 1048576K
Event: 510.326 GC heap after
Heap after GC invocations=27 (full 4):
 PSYoungGen      total 293888K, used 56546K [0x00000000d5580000, 0x00000000ef800000, 0x0000000100000000)
  eden space 219136K, 0% used [0x00000000d5580000,0x00000000d5580000,0x00000000e2b80000)
  from space 74752K, 75% used [0x00000000e2b80000,0x00000000e62b8aa8,0x00000000e7480000)
  to   space 80384K, 0% used [0x00000000ea980000,0x00000000ea980000,0x00000000ef800000)
 ParOldGen       total 288256K, used 135403K [0x0000000080000000, 0x0000000091980000, 0x00000000d5580000)
  object space 288256K, 46% used [0x0000000080000000,0x000000008843aca8,0x0000000091980000)
 Metaspace       used 92751K, capacity 96708K, committed 97408K, reserved 1134592K
  class space    used 11958K, capacity 12792K, committed 12928K, reserved 1048576K
}
Event: 1134.456 GC heap before
{Heap before GC invocations=28 (full 4):
 PSYoungGen      total 293888K, used 274922K [0x00000000d5580000, 0x00000000ef800000, 0x0000000100000000)
  eden space 219136K, 99% used [0x00000000d5580000,0x00000000e2ac2080,0x00000000e2b80000)
  from space 74752K, 75% used [0x00000000e2b80000,0x00000000e62b8aa8,0x00000000e7480000)
  to   space 80384K, 0% used [0x00000000ea980000,0x00000000ea980000,0x00000000ef800000)
 ParOldGen       total 288256K, used 135403K [0x0000000080000000, 0x0000000091980000, 0x00000000d5580000)
  object space 288256K, 46% used [0x0000000080000000,0x000000008843aca8,0x0000000091980000)
 Metaspace       used 94265K, capacity 98600K, committed 98816K, reserved 1134592K
  class space    used 12136K, capacity 13026K, committed 13056K, reserved 1048576K
Event: 1134.541 GC heap after
Heap after GC invocations=28 (full 4):
 PSYoungGen      total 327680K, used 27237K [0x00000000d5580000, 0x00000000eea00000, 0x0000000100000000)
  eden space 261632K, 0% used [0x00000000d5580000,0x00000000d5580000,0x00000000e5500000)
  from space 66048K, 41% used [0x00000000ea980000,0x00000000ec419760,0x00000000eea00000)
  to   space 76288K, 0% used [0x00000000e5500000,0x00000000e5500000,0x00000000e9f80000)
 ParOldGen       total 288256K, used 169859K [0x0000000080000000, 0x0000000091980000, 0x00000000d5580000)
  object space 288256K, 58% used [0x0000000080000000,0x000000008a5e0f98,0x0000000091980000)
 Metaspace       used 94265K, capacity 98600K, committed 98816K, reserved 1134592K
  class space    used 12136K, capacity 13026K, committed 13056K, reserved 1048576K
}
Event: 1139.692 GC heap before
{Heap before GC invocations=29 (full 4):
 PSYoungGen      total 327680K, used 288869K [0x00000000d5580000, 0x00000000eea00000, 0x0000000100000000)
  eden space 261632K, 100% used [0x00000000d5580000,0x00000000e5500000,0x00000000e5500000)
  from space 66048K, 41% used [0x00000000ea980000,0x00000000ec419760,0x00000000eea00000)
  to   space 76288K, 0% used [0x00000000e5500000,0x00000000e5500000,0x00000000e9f80000)
 ParOldGen       total 288256K, used 169859K [0x0000000080000000, 0x0000000091980000, 0x00000000d5580000)
  object space 288256K, 58% used [0x0000000080000000,0x000000008a5e0f98,0x0000000091980000)
 Metaspace       used 94500K, capacity 98846K, committed 99072K, reserved 1134592K
  class space    used 12142K, capacity 13037K, committed 13056K, reserved 1048576K
Event: 1139.731 GC heap after
Heap after GC invocations=29 (full 4):
 PSYoungGen      total 337920K, used 43986K [0x00000000d5580000, 0x00000000f0c80000, 0x0000000100000000)
  eden space 261632K, 0% used [0x00000000d5580000,0x00000000d5580000,0x00000000e5500000)
  from space 76288K, 57% used [0x00000000e5500000,0x00000000e7ff4a88,0x00000000e9f80000)
  to   space 76288K, 0% used [0x00000000ec200000,0x00000000ec200000,0x00000000f0c80000)
 ParOldGen       total 288256K, used 171614K [0x0000000080000000, 0x0000000091980000, 0x00000000d5580000)
  object space 288256K, 59% used [0x0000000080000000,0x000000008a797bb0,0x0000000091980000)
 Metaspace       used 94500K, capacity 98846K, committed 99072K, reserved 1134592K
  class space    used 12142K, capacity 13037K, committed 13056K, reserved 1048576K
}
Event: 2057.993 GC heap before
{Heap before GC invocations=30 (full 4):
 PSYoungGen      total 337920K, used 305618K [0x00000000d5580000, 0x00000000f0c80000, 0x0000000100000000)
  eden space 261632K, 100% used [0x00000000d5580000,0x00000000e5500000,0x00000000e5500000)
  from space 76288K, 57% used [0x00000000e5500000,0x00000000e7ff4a88,0x00000000e9f80000)
  to   space 76288K, 0% used [0x00000000ec200000,0x00000000ec200000,0x00000000f0c80000)
 ParOldGen       total 288256K, used 171614K [0x0000000080000000, 0x0000000091980000, 0x00000000d5580000)
  object space 288256K, 59% used [0x0000000080000000,0x000000008a797bb0,0x0000000091980000)
 Metaspace       used 95283K, capacity 99784K, committed 99968K, reserved 1136640K
  class space    used 12170K, capacity 13074K, committed 13184K, reserved 1048576K
Event: 2058.012 GC heap after
Heap after GC invocations=30 (full 4):
 PSYoungGen      total 360960K, used 11697K [0x00000000d5580000, 0x00000000f0600000, 0x0000000100000000)
  eden space 291328K, 0% used [0x00000000d5580000,0x00000000d5580000,0x00000000e7200000)
  from space 69632K, 16% used [0x00000000ec200000,0x00000000ecd6c620,0x00000000f0600000)
  to   space 75776K, 0% used [0x00000000e7200000,0x00000000e7200000,0x00000000ebc00000)
 ParOldGen       total 288256K, used 171622K [0x0000000080000000, 0x0000000091980000, 0x00000000d5580000)
  object space 288256K, 59% used [0x0000000080000000,0x000000008a799bb0,0x0000000091980000)
 Metaspace       used 95283K, capacity 99784K, committed 99968K, reserved 1136640K
  class space    used 12170K, capacity 13074K, committed 13184K, reserved 1048576K
}

