# JRE version: OpenJDK Runtime Environment (8.0_202-b03) (build 1.8.0_202-release-1483-b03)
# Java VM: OpenJDK 64-Bit Server VM (25.202-b03 mixed mode windows-amd64 compressed oops)
Heap:
 PSYoungGen      total 220160K, used 115796K [0x00000000d5580000, 0x00000000e6380000, 0x0000000100000000)
  eden space 182272K, 43% used [0x00000000d5580000,0x00000000da344038,0x00000000e0780000)
  from space 37888K, 95% used [0x00000000e0780000,0x00000000e2ad1000,0x00000000e2c80000)
  to   space 42496K, 0% used [0x00000000e3a00000,0x00000000e3a00000,0x00000000e6380000)
 ParOldGen       total 171008K, used 58193K [0x0000000080000000, 0x000000008a700000, 0x00000000d5580000)
  object space 171008K, 34% used [0x0000000080000000,0x00000000838d4690,0x000000008a700000)
 Metaspace       used 101663K, capacity 108272K, committed 108492K, reserved 1144832K
  class space    used 12902K, capacity 14041K, committed 14080K, reserved 1048576K
GC Heap History (10 events):
Event: 11391.699 GC heap before
{Heap before GC invocations=45 (full 4):
 PSYoungGen      total 187392K, used 172986K [0x00000000d5580000, 0x00000000e2b80000, 0x0000000100000000)
  eden space 161792K, 98% used [0x00000000d5580000,0x00000000df18eea0,0x00000000df380000)
  from space 25600K, 51% used [0x00000000e1280000,0x00000000e1f5fab8,0x00000000e2b80000)
  to   space 28672K, 0% used [0x00000000df380000,0x00000000df380000,0x00000000e0f80000)
 ParOldGen       total 171008K, used 52949K [0x0000000080000000, 0x000000008a700000, 0x00000000d5580000)
  object space 171008K, 30% used [0x0000000080000000,0x00000000833b5650,0x000000008a700000)
 Metaspace       used 93817K, capacity 98314K, committed 100812K, reserved 1136640K
  class space    used 11891K, capacity 12737K, committed 13312K, reserved 1048576K
Event: 11391.727 GC heap after
Heap after GC invocations=45 (full 4):
 PSYoungGen      total 190464K, used 28663K [0x00000000d5580000, 0x00000000e4380000, 0x0000000100000000)
  eden space 161792K, 0% used [0x00000000d5580000,0x00000000d5580000,0x00000000df380000)
  from space 28672K, 99% used [0x00000000df380000,0x00000000e0f7de30,0x00000000e0f80000)
  to   space 34304K, 0% used [0x00000000e2200000,0x00000000e2200000,0x00000000e4380000)
 ParOldGen       total 171008K, used 58161K [0x0000000080000000, 0x000000008a700000, 0x00000000d5580000)
  object space 171008K, 34% used [0x0000000080000000,0x00000000838cc690,0x000000008a700000)
 Metaspace       used 93817K, capacity 98314K, committed 100812K, reserved 1136640K
  class space    used 11891K, capacity 12737K, committed 13312K, reserved 1048576K
}
Event: 11454.521 GC heap before
{Heap before GC invocations=46 (full 4):
 PSYoungGen      total 190464K, used 190455K [0x00000000d5580000, 0x00000000e4380000, 0x0000000100000000)
  eden space 161792K, 100% used [0x00000000d5580000,0x00000000df380000,0x00000000df380000)
  from space 28672K, 99% used [0x00000000df380000,0x00000000e0f7de30,0x00000000e0f80000)
  to   space 34304K, 0% used [0x00000000e2200000,0x00000000e2200000,0x00000000e4380000)
 ParOldGen       total 171008K, used 58161K [0x0000000080000000, 0x000000008a700000, 0x00000000d5580000)
  object space 171008K, 34% used [0x0000000080000000,0x00000000838cc690,0x000000008a700000)
 Metaspace       used 94638K, capacity 100148K, committed 100812K, reserved 1136640K
  class space    used 12056K, capacity 13042K, committed 13312K, reserved 1048576K
Event: 11454.540 GC heap after
Heap after GC invocations=46 (full 4):
 PSYoungGen      total 206336K, used 21548K [0x00000000d5580000, 0x00000000e4280000, 0x0000000100000000)
  eden space 173056K, 0% used [0x00000000d5580000,0x00000000d5580000,0x00000000dfe80000)
  from space 33280K, 64% used [0x00000000e2200000,0x00000000e370b3c0,0x00000000e4280000)
  to   space 34816K, 0% used [0x00000000dfe80000,0x00000000dfe80000,0x00000000e2080000)
 ParOldGen       total 171008K, used 58169K [0x0000000080000000, 0x000000008a700000, 0x00000000d5580000)
  object space 171008K, 34% used [0x0000000080000000,0x00000000838ce690,0x000000008a700000)
 Metaspace       used 94638K, capacity 100148K, committed 100812K, reserved 1136640K
  class space    used 12056K, capacity 13042K, committed 13312K, reserved 1048576K
}
Event: 11456.946 GC heap before
{Heap before GC invocations=47 (full 4):
 PSYoungGen      total 206336K, used 194604K [0x00000000d5580000, 0x00000000e4280000, 0x0000000100000000)
  eden space 173056K, 100% used [0x00000000d5580000,0x00000000dfe80000,0x00000000dfe80000)
  from space 33280K, 64% used [0x00000000e2200000,0x00000000e370b3c0,0x00000000e4280000)
  to   space 34816K, 0% used [0x00000000dfe80000,0x00000000dfe80000,0x00000000e2080000)
 ParOldGen       total 171008K, used 58169K [0x0000000080000000, 0x000000008a700000, 0x00000000d5580000)
  object space 171008K, 34% used [0x0000000080000000,0x00000000838ce690,0x000000008a700000)
 Metaspace       used 94759K, capacity 100490K, committed 101068K, reserved 1136640K
  class space    used 12076K, capacity 13077K, committed 13312K, reserved 1048576K
Event: 11456.965 GC heap after
Heap after GC invocations=47 (full 4):
 PSYoungGen      total 207872K, used 26539K [0x00000000d5580000, 0x00000000e5080000, 0x0000000100000000)
  eden space 173056K, 0% used [0x00000000d5580000,0x00000000d5580000,0x00000000dfe80000)
  from space 34816K, 76% used [0x00000000dfe80000,0x00000000e186ae70,0x00000000e2080000)
  to   space 36352K, 0% used [0x00000000e2d00000,0x00000000e2d00000,0x00000000e5080000)
 ParOldGen       total 171008K, used 58177K [0x0000000080000000, 0x000000008a700000, 0x00000000d5580000)
  object space 171008K, 34% used [0x0000000080000000,0x00000000838d0690,0x000000008a700000)
 Metaspace       used 94759K, capacity 100490K, committed 101068K, reserved 1136640K
  class space    used 12076K, capacity 13077K, committed 13312K, reserved 1048576K
}
Event: 13071.200 GC heap before
{Heap before GC invocations=48 (full 4):
 PSYoungGen      total 207872K, used 199595K [0x00000000d5580000, 0x00000000e5080000, 0x0000000100000000)
  eden space 173056K, 100% used [0x00000000d5580000,0x00000000dfe80000,0x00000000dfe80000)
  from space 34816K, 76% used [0x00000000dfe80000,0x00000000e186ae70,0x00000000e2080000)
  to   space 36352K, 0% used [0x00000000e2d00000,0x00000000e2d00000,0x00000000e5080000)
 ParOldGen       total 171008K, used 58177K [0x0000000080000000, 0x000000008a700000, 0x00000000d5580000)
  object space 171008K, 34% used [0x0000000080000000,0x00000000838d0690,0x000000008a700000)
 Metaspace       used 98720K, capacity 104920K, committed 105420K, reserved 1140736K
  class space    used 12532K, capacity 13619K, committed 13824K, reserved 1048576K
Event: 13071.227 GC heap after
Heap after GC invocations=48 (full 4):
 PSYoungGen      total 218624K, used 26337K [0x00000000d5580000, 0x00000000e5180000, 0x0000000100000000)
  eden space 182272K, 0% used [0x00000000d5580000,0x00000000d5580000,0x00000000e0780000)
  from space 36352K, 72% used [0x00000000e2d00000,0x00000000e46b8588,0x00000000e5080000)
  to   space 37888K, 0% used [0x00000000e0780000,0x00000000e0780000,0x00000000e2c80000)
 ParOldGen       total 171008K, used 58185K [0x0000000080000000, 0x000000008a700000, 0x00000000d5580000)
  object space 171008K, 34% used [0x0000000080000000,0x00000000838d2690,0x000000008a700000)
 Metaspace       used 98720K, capacity 104920K, committed 105420K, reserved 1140736K
  class space    used 12532K, capacity 13619K, committed 13824K, reserved 1048576K
}
Event: 13077.933 GC heap before
{Heap before GC invocations=49 (full 4):
 PSYoungGen      total 218624K, used 208609K [0x00000000d5580000, 0x00000000e5180000, 0x0000000100000000)
  eden space 182272K, 100% used [0x00000000d5580000,0x00000000e0780000,0x00000000e0780000)
  from space 36352K, 72% used [0x00000000e2d00000,0x00000000e46b8588,0x00000000e5080000)
  to   space 37888K, 0% used [0x00000000e0780000,0x00000000e0780000,0x00000000e2c80000)
 ParOldGen       total 171008K, used 58185K [0x0000000080000000, 0x000000008a700000, 0x00000000d5580000)
  object space 171008K, 34% used [0x0000000080000000,0x00000000838d2690,0x000000008a700000)
 Metaspace       used 101425K, capacity 107978K, committed 108236K, reserved 1142784K
  class space    used 12885K, capacity 14022K, committed 14080K, reserved 1048576K
Event: 13077.960 GC heap after
Heap after GC invocations=49 (full 4):
 PSYoungGen      total 220160K, used 36164K [0x00000000d5580000, 0x00000000e6380000, 0x0000000100000000)
  eden space 182272K, 0% used [0x00000000d5580000,0x00000000d5580000,0x00000000e0780000)
  from space 37888K, 95% used [0x00000000e0780000,0x00000000e2ad1000,0x00000000e2c80000)
  to   space 42496K, 0% used [0x00000000e3a00000,0x00000000e3a00000,0x00000000e6380000)
 ParOldGen       total 171008K, used 58193K [0x0000000080000000, 0x000000008a700000, 0x00000000d5580000)
  object space 171008K, 34% used [0x0000000080000000,0x00000000838d4690,0x000000008a700000)
 Metaspace       used 101425K, capacity 107978K, committed 108236K, reserved 1142784K
  class space    used 12885K, capacity 14022K, committed 14080K, reserved 1048576K
}

