# JRE version: OpenJDK Runtime Environment (8.0_202-b03) (build 1.8.0_202-release-1483-b03)
# Java VM: OpenJDK 64-Bit Server VM (25.202-b03 mixed mode windows-amd64 compressed oops)
Heap:
 PSYoungGen      total 119808K, used 30734K [0x0000000781800000, 0x0000000789900000, 0x00000007c0000000)
  eden space 109568K, 18% used [0x0000000781800000,0x0000000782c22ff0,0x0000000788300000)
  from space 10240K, 98% used [0x0000000788e80000,0x0000000789860848,0x0000000789880000)
  to   space 11264K, 0% used [0x0000000788300000,0x0000000788300000,0x0000000788e00000)
 ParOldGen       total 55808K, used 8771K [0x0000000704800000, 0x0000000707e80000, 0x0000000781800000)
  object space 55808K, 15% used [0x0000000704800000,0x0000000705090eb0,0x0000000707e80000)
 Metaspace       used 33198K, capacity 34088K, committed 34304K, reserved 1079296K
  class space    used 4593K, capacity 4819K, committed 4864K, reserved 1048576K
GC Heap History (10 events):
Event: 2.881 GC heap before
{Heap before GC invocations=5 (full 0):
 PSYoungGen      total 37888K, used 37880K [0x0000000781800000, 0x0000000786200000, 0x00000007c0000000)
  eden space 32768K, 100% used [0x0000000781800000,0x0000000783800000,0x0000000783800000)
  from space 5120K, 99% used [0x0000000783d00000,0x00000007841fe0f0,0x0000000784200000)
  to   space 5120K, 0% used [0x0000000783800000,0x0000000783800000,0x0000000783d00000)
 ParOldGen       total 86016K, used 5027K [0x0000000704800000, 0x0000000709c00000, 0x0000000781800000)
  object space 86016K, 5% used [0x0000000704800000,0x0000000704ce8cc0,0x0000000709c00000)
 Metaspace       used 18896K, capacity 19446K, committed 19584K, reserved 1067008K
  class space    used 2740K, capacity 2933K, committed 2944K, reserved 1048576K
Event: 2.897 GC heap after
Heap after GC invocations=5 (full 0):
 PSYoungGen      total 37888K, used 5088K [0x0000000781800000, 0x0000000786d00000, 0x00000007c0000000)
  eden space 32768K, 0% used [0x0000000781800000,0x0000000781800000,0x0000000783800000)
  from space 5120K, 99% used [0x0000000783800000,0x0000000783cf8030,0x0000000783d00000)
  to   space 10752K, 0% used [0x0000000786280000,0x0000000786280000,0x0000000786d00000)
 ParOldGen       total 86016K, used 8778K [0x0000000704800000, 0x0000000709c00000, 0x0000000781800000)
  object space 86016K, 10% used [0x0000000704800000,0x0000000705092bd8,0x0000000709c00000)
 Metaspace       used 18896K, capacity 19446K, committed 19584K, reserved 1067008K
  class space    used 2740K, capacity 2933K, committed 2944K, reserved 1048576K
}
Event: 3.117 GC heap before
{Heap before GC invocations=6 (full 0):
 PSYoungGen      total 37888K, used 18928K [0x0000000781800000, 0x0000000786d00000, 0x00000007c0000000)
  eden space 32768K, 42% used [0x0000000781800000,0x0000000782584160,0x0000000783800000)
  from space 5120K, 99% used [0x0000000783800000,0x0000000783cf8030,0x0000000783d00000)
  to   space 10752K, 0% used [0x0000000786280000,0x0000000786280000,0x0000000786d00000)
 ParOldGen       total 86016K, used 8778K [0x0000000704800000, 0x0000000709c00000, 0x0000000781800000)
  object space 86016K, 10% used [0x0000000704800000,0x0000000705092bd8,0x0000000709c00000)
 Metaspace       used 20631K, capacity 21124K, committed 21296K, reserved 1067008K
  class space    used 2952K, capacity 3129K, committed 3200K, reserved 1048576K
Event: 3.126 GC heap after
Heap after GC invocations=6 (full 0):
 PSYoungGen      total 75264K, used 7441K [0x0000000781800000, 0x0000000786c00000, 0x00000007c0000000)
  eden space 65536K, 0% used [0x0000000781800000,0x0000000781800000,0x0000000785800000)
  from space 9728K, 76% used [0x0000000786280000,0x00000007869c4690,0x0000000786c00000)
  to   space 10240K, 0% used [0x0000000785800000,0x0000000785800000,0x0000000786200000)
 ParOldGen       total 86016K, used 8786K [0x0000000704800000, 0x0000000709c00000, 0x0000000781800000)
  object space 86016K, 10% used [0x0000000704800000,0x0000000705094bd8,0x0000000709c00000)
 Metaspace       used 20631K, capacity 21124K, committed 21296K, reserved 1067008K
  class space    used 2952K, capacity 3129K, committed 3200K, reserved 1048576K
}
Event: 3.126 GC heap before
{Heap before GC invocations=7 (full 1):
 PSYoungGen      total 75264K, used 7441K [0x0000000781800000, 0x0000000786c00000, 0x00000007c0000000)
  eden space 65536K, 0% used [0x0000000781800000,0x0000000781800000,0x0000000785800000)
  from space 9728K, 76% used [0x0000000786280000,0x00000007869c4690,0x0000000786c00000)
  to   space 10240K, 0% used [0x0000000785800000,0x0000000785800000,0x0000000786200000)
 ParOldGen       total 86016K, used 8786K [0x0000000704800000, 0x0000000709c00000, 0x0000000781800000)
  object space 86016K, 10% used [0x0000000704800000,0x0000000705094bd8,0x0000000709c00000)
 Metaspace       used 20631K, capacity 21124K, committed 21296K, reserved 1067008K
  class space    used 2952K, capacity 3129K, committed 3200K, reserved 1048576K
Event: 3.157 GC heap after
Heap after GC invocations=7 (full 1):
 PSYoungGen      total 75264K, used 0K [0x0000000781800000, 0x0000000786c00000, 0x00000007c0000000)
  eden space 65536K, 0% used [0x0000000781800000,0x0000000781800000,0x0000000785800000)
  from space 9728K, 0% used [0x0000000786280000,0x0000000786280000,0x0000000786c00000)
  to   space 10240K, 0% used [0x0000000785800000,0x0000000785800000,0x0000000786200000)
 ParOldGen       total 55808K, used 8755K [0x0000000704800000, 0x0000000707e80000, 0x0000000781800000)
  object space 55808K, 15% used [0x0000000704800000,0x000000070508ceb0,0x0000000707e80000)
 Metaspace       used 20631K, capacity 21124K, committed 21296K, reserved 1067008K
  class space    used 2952K, capacity 3129K, committed 3200K, reserved 1048576K
}
Event: 3.886 GC heap before
{Heap before GC invocations=8 (full 1):
 PSYoungGen      total 75264K, used 65536K [0x0000000781800000, 0x0000000786c00000, 0x00000007c0000000)
  eden space 65536K, 100% used [0x0000000781800000,0x0000000785800000,0x0000000785800000)
  from space 9728K, 0% used [0x0000000786280000,0x0000000786280000,0x0000000786c00000)
  to   space 10240K, 0% used [0x0000000785800000,0x0000000785800000,0x0000000786200000)
 ParOldGen       total 55808K, used 8755K [0x0000000704800000, 0x0000000707e80000, 0x0000000781800000)
  object space 55808K, 15% used [0x0000000704800000,0x000000070508ceb0,0x0000000707e80000)
 Metaspace       used 28228K, capacity 28780K, committed 29056K, reserved 1075200K
  class space    used 3890K, capacity 4099K, committed 4224K, reserved 1048576K
Event: 3.894 GC heap after
Heap after GC invocations=8 (full 1):
 PSYoungGen      total 75776K, used 7686K [0x0000000781800000, 0x0000000789880000, 0x00000007c0000000)
  eden space 65536K, 0% used [0x0000000781800000,0x0000000781800000,0x0000000785800000)
  from space 10240K, 75% used [0x0000000785800000,0x0000000785f81900,0x0000000786200000)
  to   space 10240K, 0% used [0x0000000788e80000,0x0000000788e80000,0x0000000789880000)
 ParOldGen       total 55808K, used 8763K [0x0000000704800000, 0x0000000707e80000, 0x0000000781800000)
  object space 55808K, 15% used [0x0000000704800000,0x000000070508eeb0,0x0000000707e80000)
 Metaspace       used 28228K, capacity 28780K, committed 29056K, reserved 1075200K
  class space    used 3890K, capacity 4099K, committed 4224K, reserved 1048576K
}
Event: 4.703 GC heap before
{Heap before GC invocations=9 (full 1):
 PSYoungGen      total 75776K, used 73222K [0x0000000781800000, 0x0000000789880000, 0x00000007c0000000)
  eden space 65536K, 100% used [0x0000000781800000,0x0000000785800000,0x0000000785800000)
  from space 10240K, 75% used [0x0000000785800000,0x0000000785f81900,0x0000000786200000)
  to   space 10240K, 0% used [0x0000000788e80000,0x0000000788e80000,0x0000000789880000)
 ParOldGen       total 55808K, used 8763K [0x0000000704800000, 0x0000000707e80000, 0x0000000781800000)
  object space 55808K, 15% used [0x0000000704800000,0x000000070508eeb0,0x0000000707e80000)
 Metaspace       used 31989K, capacity 32812K, committed 32896K, reserved 1077248K
  class space    used 4468K, capacity 4701K, committed 4736K, reserved 1048576K
Event: 4.715 GC heap after
Heap after GC invocations=9 (full 1):
 PSYoungGen      total 119808K, used 10114K [0x0000000781800000, 0x0000000789900000, 0x00000007c0000000)
  eden space 109568K, 0% used [0x0000000781800000,0x0000000781800000,0x0000000788300000)
  from space 10240K, 98% used [0x0000000788e80000,0x0000000789860848,0x0000000789880000)
  to   space 11264K, 0% used [0x0000000788300000,0x0000000788300000,0x0000000788e00000)
 ParOldGen       total 55808K, used 8771K [0x0000000704800000, 0x0000000707e80000, 0x0000000781800000)
  object space 55808K, 15% used [0x0000000704800000,0x0000000705090eb0,0x0000000707e80000)
 Metaspace       used 31989K, capacity 32812K, committed 32896K, reserved 1077248K
  class space    used 4468K, capacity 4701K, committed 4736K, reserved 1048576K
}

