# JRE version: OpenJDK Runtime Environment (8.0_202-b03) (build 1.8.0_202-release-1483-b03)
# Java VM: OpenJDK 64-Bit Server VM (25.202-b03 mixed mode windows-amd64 compressed oops)
Heap:
 PSYoungGen      total 195072K, used 117317K [0x00000000e0000000, 0x00000000edd00000, 0x0000000100000000)
  eden space 182272K, 57% used [0x00000000e0000000,0x00000000e662a6d8,0x00000000eb200000)
  from space 12800K, 99% used [0x00000000eb780000,0x00000000ec3e6e68,0x00000000ec400000)
  to   space 22016K, 0% used [0x00000000ec780000,0x00000000ec780000,0x00000000edd00000)
 ParOldGen       total 148992K, used 39416K [0x00000000a0000000, 0x00000000a9180000, 0x00000000e0000000)
  object space 148992K, 26% used [0x00000000a0000000,0x00000000a267e388,0x00000000a9180000)
 Metaspace       used 67709K, capacity 70308K, committed 70488K, reserved 1110016K
  class space    used 8920K, capacity 9512K, committed 9600K, reserved 1048576K
GC Heap History (10 events):
Event: 13.156 GC heap before
{Heap before GC invocations=10 (full 2):
 PSYoungGen      total 161280K, used 10064K [0x00000000e0000000, 0x00000000ece00000, 0x0000000100000000)
  eden space 147968K, 0% used [0x00000000e0000000,0x00000000e0000000,0x00000000e9080000)
  from space 13312K, 75% used [0x00000000e9e00000,0x00000000ea7d41b0,0x00000000eab00000)
  to   space 13824K, 0% used [0x00000000e9080000,0x00000000e9080000,0x00000000e9e00000)
 ParOldGen       total 64000K, used 11432K [0x00000000a0000000, 0x00000000a3e80000, 0x00000000e0000000)
  object space 64000K, 17% used [0x00000000a0000000,0x00000000a0b2a368,0x00000000a3e80000)
 Metaspace       used 34697K, capacity 35342K, committed 35416K, reserved 1079296K
  class space    used 4771K, capacity 4988K, committed 4992K, reserved 1048576K
Event: 13.219 GC heap after
Heap after GC invocations=10 (full 2):
 PSYoungGen      total 161280K, used 0K [0x00000000e0000000, 0x00000000ece00000, 0x0000000100000000)
  eden space 147968K, 0% used [0x00000000e0000000,0x00000000e0000000,0x00000000e9080000)
  from space 13312K, 0% used [0x00000000e9e00000,0x00000000e9e00000,0x00000000eab00000)
  to   space 13824K, 0% used [0x00000000e9080000,0x00000000e9080000,0x00000000e9e00000)
 ParOldGen       total 94720K, used 16709K [0x00000000a0000000, 0x00000000a5c80000, 0x00000000e0000000)
  object space 94720K, 17% used [0x00000000a0000000,0x00000000a1051518,0x00000000a5c80000)
 Metaspace       used 34663K, capacity 35228K, committed 35416K, reserved 1079296K
  class space    used 4760K, capacity 4969K, committed 4992K, reserved 1048576K
}
Event: 16.041 GC heap before
{Heap before GC invocations=11 (full 2):
 PSYoungGen      total 161280K, used 147968K [0x00000000e0000000, 0x00000000ece00000, 0x0000000100000000)
  eden space 147968K, 100% used [0x00000000e0000000,0x00000000e9080000,0x00000000e9080000)
  from space 13312K, 0% used [0x00000000e9e00000,0x00000000e9e00000,0x00000000eab00000)
  to   space 13824K, 0% used [0x00000000e9080000,0x00000000e9080000,0x00000000e9e00000)
 ParOldGen       total 94720K, used 16709K [0x00000000a0000000, 0x00000000a5c80000, 0x00000000e0000000)
  object space 94720K, 17% used [0x00000000a0000000,0x00000000a1051518,0x00000000a5c80000)
 Metaspace       used 48334K, capacity 49612K, committed 49880K, reserved 1091584K
  class space    used 6545K, capacity 6875K, committed 6912K, reserved 1048576K
Event: 16.075 GC heap after
Heap after GC invocations=11 (full 2):
 PSYoungGen      total 161792K, used 13823K [0x00000000e0000000, 0x00000000ede00000, 0x0000000100000000)
  eden space 147968K, 0% used [0x00000000e0000000,0x00000000e0000000,0x00000000e9080000)
  from space 13824K, 99% used [0x00000000e9080000,0x00000000e9dffd58,0x00000000e9e00000)
  to   space 17408K, 0% used [0x00000000ecd00000,0x00000000ecd00000,0x00000000ede00000)
 ParOldGen       total 94720K, used 21606K [0x00000000a0000000, 0x00000000a5c80000, 0x00000000e0000000)
  object space 94720K, 22% used [0x00000000a0000000,0x00000000a1519b18,0x00000000a5c80000)
 Metaspace       used 48334K, capacity 49612K, committed 49880K, reserved 1091584K
  class space    used 6545K, capacity 6875K, committed 6912K, reserved 1048576K
}
Event: 20.006 GC heap before
{Heap before GC invocations=12 (full 2):
 PSYoungGen      total 161792K, used 151246K [0x00000000e0000000, 0x00000000ede00000, 0x0000000100000000)
  eden space 147968K, 92% used [0x00000000e0000000,0x00000000e8633b10,0x00000000e9080000)
  from space 13824K, 99% used [0x00000000e9080000,0x00000000e9dffd58,0x00000000e9e00000)
  to   space 17408K, 0% used [0x00000000ecd00000,0x00000000ecd00000,0x00000000ede00000)
 ParOldGen       total 94720K, used 21606K [0x00000000a0000000, 0x00000000a5c80000, 0x00000000e0000000)
  object space 94720K, 22% used [0x00000000a0000000,0x00000000a1519b18,0x00000000a5c80000)
 Metaspace       used 57387K, capacity 58916K, committed 59028K, reserved 1099776K
  class space    used 7719K, capacity 8138K, committed 8192K, reserved 1048576K
Event: 20.036 GC heap after
Heap after GC invocations=12 (full 2):
 PSYoungGen      total 205312K, used 17377K [0x00000000e0000000, 0x00000000ee600000, 0x0000000100000000)
  eden space 187904K, 0% used [0x00000000e0000000,0x00000000e0000000,0x00000000eb780000)
  from space 17408K, 99% used [0x00000000ecd00000,0x00000000eddf85c8,0x00000000ede00000)
  to   space 22016K, 0% used [0x00000000eb780000,0x00000000eb780000,0x00000000ecd00000)
 ParOldGen       total 94720K, used 28327K [0x00000000a0000000, 0x00000000a5c80000, 0x00000000e0000000)
  object space 94720K, 29% used [0x00000000a0000000,0x00000000a1ba9fc8,0x00000000a5c80000)
 Metaspace       used 57387K, capacity 58916K, committed 59028K, reserved 1099776K
  class space    used 7719K, capacity 8138K, committed 8192K, reserved 1048576K
}
Event: 20.036 GC heap before
{Heap before GC invocations=13 (full 3):
 PSYoungGen      total 205312K, used 17377K [0x00000000e0000000, 0x00000000ee600000, 0x0000000100000000)
  eden space 187904K, 0% used [0x00000000e0000000,0x00000000e0000000,0x00000000eb780000)
  from space 17408K, 99% used [0x00000000ecd00000,0x00000000eddf85c8,0x00000000ede00000)
  to   space 22016K, 0% used [0x00000000eb780000,0x00000000eb780000,0x00000000ecd00000)
 ParOldGen       total 94720K, used 28327K [0x00000000a0000000, 0x00000000a5c80000, 0x00000000e0000000)
  object space 94720K, 29% used [0x00000000a0000000,0x00000000a1ba9fc8,0x00000000a5c80000)
 Metaspace       used 57387K, capacity 58916K, committed 59028K, reserved 1099776K
  class space    used 7719K, capacity 8138K, committed 8192K, reserved 1048576K
Event: 20.295 GC heap after
Heap after GC invocations=13 (full 3):
 PSYoungGen      total 205312K, used 0K [0x00000000e0000000, 0x00000000ee600000, 0x0000000100000000)
  eden space 187904K, 0% used [0x00000000e0000000,0x00000000e0000000,0x00000000eb780000)
  from space 17408K, 0% used [0x00000000ecd00000,0x00000000ecd00000,0x00000000ede00000)
  to   space 22016K, 0% used [0x00000000eb780000,0x00000000eb780000,0x00000000ecd00000)
 ParOldGen       total 148992K, used 39408K [0x00000000a0000000, 0x00000000a9180000, 0x00000000e0000000)
  object space 148992K, 26% used [0x00000000a0000000,0x00000000a267c388,0x00000000a9180000)
 Metaspace       used 57387K, capacity 58916K, committed 59028K, reserved 1099776K
  class space    used 7719K, capacity 8138K, committed 8192K, reserved 1048576K
}
Event: 5402.747 GC heap before
{Heap before GC invocations=14 (full 3):
 PSYoungGen      total 205312K, used 187904K [0x00000000e0000000, 0x00000000ee600000, 0x0000000100000000)
  eden space 187904K, 100% used [0x00000000e0000000,0x00000000eb780000,0x00000000eb780000)
  from space 17408K, 0% used [0x00000000ecd00000,0x00000000ecd00000,0x00000000ede00000)
  to   space 22016K, 0% used [0x00000000eb780000,0x00000000eb780000,0x00000000ecd00000)
 ParOldGen       total 148992K, used 39408K [0x00000000a0000000, 0x00000000a9180000, 0x00000000e0000000)
  object space 148992K, 26% used [0x00000000a0000000,0x00000000a267c388,0x00000000a9180000)
 Metaspace       used 65721K, capacity 68004K, committed 68440K, reserved 1107968K
  class space    used 8688K, capacity 9222K, committed 9344K, reserved 1048576K
Event: 5403.098 GC heap after
Heap after GC invocations=14 (full 3):
 PSYoungGen      total 195072K, used 12699K [0x00000000e0000000, 0x00000000edd00000, 0x0000000100000000)
  eden space 182272K, 0% used [0x00000000e0000000,0x00000000e0000000,0x00000000eb200000)
  from space 12800K, 99% used [0x00000000eb780000,0x00000000ec3e6e68,0x00000000ec400000)
  to   space 22016K, 0% used [0x00000000ec780000,0x00000000ec780000,0x00000000edd00000)
 ParOldGen       total 148992K, used 39416K [0x00000000a0000000, 0x00000000a9180000, 0x00000000e0000000)
  object space 148992K, 26% used [0x00000000a0000000,0x00000000a267e388,0x00000000a9180000)
 Metaspace       used 65721K, capacity 68004K, committed 68440K, reserved 1107968K
  class space    used 8688K, capacity 9222K, committed 9344K, reserved 1048576K
}

