# JRE version: OpenJDK Runtime Environment (8.0_202-b03) (build 1.8.0_202-release-1483-b03)
# Java VM: OpenJDK 64-Bit Server VM (25.202-b03 mixed mode windows-amd64 compressed oops)
Heap:
 PSYoungGen      total 165888K, used 17338K [0x00000000d5580000, 0x00000000e2600000, 0x0000000100000000)
  eden space 151552K, 1% used [0x00000000d5580000,0x00000000d58710d8,0x00000000de980000)
  from space 14336K, 99% used [0x00000000de980000,0x00000000df77d9b8,0x00000000df780000)
  to   space 18944K, 0% used [0x00000000e1380000,0x00000000e1380000,0x00000000e2600000)
 ParOldGen       total 88064K, used 28201K [0x0000000080000000, 0x0000000085600000, 0x00000000d5580000)
  object space 88064K, 32% used [0x0000000080000000,0x0000000081b8a448,0x0000000085600000)
 Metaspace       used 55426K, capacity 56890K, committed 57216K, reserved 1097728K
  class space    used 7544K, capacity 7993K, committed 8064K, reserved 1048576K
GC Heap History (10 events):
Event: 4.248 GC heap before
{Heap before GC invocations=9 (full 1):
 PSYoungGen      total 75776K, used 73543K [0x00000000d5580000, 0x00000000dd680000, 0x0000000100000000)
  eden space 65536K, 100% used [0x00000000d5580000,0x00000000d9580000,0x00000000d9580000)
  from space 10240K, 78% used [0x00000000d9580000,0x00000000d9d51c70,0x00000000d9f80000)
  to   space 10752K, 0% used [0x00000000dcc00000,0x00000000dcc00000,0x00000000dd680000)
 ParOldGen       total 55808K, used 8595K [0x0000000080000000, 0x0000000083680000, 0x00000000d5580000)
  object space 55808K, 15% used [0x0000000080000000,0x0000000080864cf8,0x0000000083680000)
 Metaspace       used 32205K, capacity 32738K, committed 33152K, reserved 1077248K
  class space    used 4442K, capacity 4624K, committed 4736K, reserved 1048576K
Event: 4.258 GC heap after
Heap after GC invocations=9 (full 1):
 PSYoungGen      total 121344K, used 8593K [0x00000000d5580000, 0x00000000dd680000, 0x0000000100000000)
  eden space 110592K, 0% used [0x00000000d5580000,0x00000000d5580000,0x00000000dc180000)
  from space 10752K, 79% used [0x00000000dcc00000,0x00000000dd464758,0x00000000dd680000)
  to   space 10752K, 0% used [0x00000000dc180000,0x00000000dc180000,0x00000000dcc00000)
 ParOldGen       total 55808K, used 8603K [0x0000000080000000, 0x0000000083680000, 0x00000000d5580000)
  object space 55808K, 15% used [0x0000000080000000,0x0000000080866cf8,0x0000000083680000)
 Metaspace       used 32205K, capacity 32738K, committed 33152K, reserved 1077248K
  class space    used 4442K, capacity 4624K, committed 4736K, reserved 1048576K
}
Event: 4.823 GC heap before
{Heap before GC invocations=10 (full 1):
 PSYoungGen      total 121344K, used 67305K [0x00000000d5580000, 0x00000000dd680000, 0x0000000100000000)
  eden space 110592K, 53% used [0x00000000d5580000,0x00000000d8ed5d08,0x00000000dc180000)
  from space 10752K, 79% used [0x00000000dcc00000,0x00000000dd464758,0x00000000dd680000)
  to   space 10752K, 0% used [0x00000000dc180000,0x00000000dc180000,0x00000000dcc00000)
 ParOldGen       total 55808K, used 8603K [0x0000000080000000, 0x0000000083680000, 0x00000000d5580000)
  object space 55808K, 15% used [0x0000000080000000,0x0000000080866cf8,0x0000000083680000)
 Metaspace       used 34637K, capacity 35330K, committed 35496K, reserved 1079296K
  class space    used 4784K, capacity 5007K, committed 5120K, reserved 1048576K
Event: 4.833 GC heap after
Heap after GC invocations=10 (full 1):
 PSYoungGen      total 121344K, used 10725K [0x00000000d5580000, 0x00000000e0580000, 0x0000000100000000)
  eden space 110592K, 0% used [0x00000000d5580000,0x00000000d5580000,0x00000000dc180000)
  from space 10752K, 99% used [0x00000000dc180000,0x00000000dcbf9608,0x00000000dcc00000)
  to   space 12288K, 0% used [0x00000000df980000,0x00000000df980000,0x00000000e0580000)
 ParOldGen       total 55808K, used 9096K [0x0000000080000000, 0x0000000083680000, 0x00000000d5580000)
  object space 55808K, 16% used [0x0000000080000000,0x00000000808e2318,0x0000000083680000)
 Metaspace       used 34637K, capacity 35330K, committed 35496K, reserved 1079296K
  class space    used 4784K, capacity 5007K, committed 5120K, reserved 1048576K
}
Event: 4.833 GC heap before
{Heap before GC invocations=11 (full 2):
 PSYoungGen      total 121344K, used 10725K [0x00000000d5580000, 0x00000000e0580000, 0x0000000100000000)
  eden space 110592K, 0% used [0x00000000d5580000,0x00000000d5580000,0x00000000dc180000)
  from space 10752K, 99% used [0x00000000dc180000,0x00000000dcbf9608,0x00000000dcc00000)
  to   space 12288K, 0% used [0x00000000df980000,0x00000000df980000,0x00000000e0580000)
 ParOldGen       total 55808K, used 9096K [0x0000000080000000, 0x0000000083680000, 0x00000000d5580000)
  object space 55808K, 16% used [0x0000000080000000,0x00000000808e2318,0x0000000083680000)
 Metaspace       used 34637K, capacity 35330K, committed 35496K, reserved 1079296K
  class space    used 4784K, capacity 5007K, committed 5120K, reserved 1048576K
Event: 4.900 GC heap after
Heap after GC invocations=11 (full 2):
 PSYoungGen      total 121344K, used 0K [0x00000000d5580000, 0x00000000e0580000, 0x0000000100000000)
  eden space 110592K, 0% used [0x00000000d5580000,0x00000000d5580000,0x00000000dc180000)
  from space 10752K, 0% used [0x00000000dc180000,0x00000000dc180000,0x00000000dcc00000)
  to   space 12288K, 0% used [0x00000000df980000,0x00000000df980000,0x00000000e0580000)
 ParOldGen       total 88064K, used 18144K [0x0000000080000000, 0x0000000085600000, 0x00000000d5580000)
  object space 88064K, 20% used [0x0000000080000000,0x00000000811b8058,0x0000000085600000)
 Metaspace       used 34603K, capacity 35216K, committed 35496K, reserved 1079296K
  class space    used 4774K, capacity 4988K, committed 5120K, reserved 1048576K
}
Event: 5.965 GC heap before
{Heap before GC invocations=12 (full 2):
 PSYoungGen      total 121344K, used 110592K [0x00000000d5580000, 0x00000000e0580000, 0x0000000100000000)
  eden space 110592K, 100% used [0x00000000d5580000,0x00000000dc180000,0x00000000dc180000)
  from space 10752K, 0% used [0x00000000dc180000,0x00000000dc180000,0x00000000dcc00000)
  to   space 12288K, 0% used [0x00000000df980000,0x00000000df980000,0x00000000e0580000)
 ParOldGen       total 88064K, used 18144K [0x0000000080000000, 0x0000000085600000, 0x00000000d5580000)
  object space 88064K, 20% used [0x0000000080000000,0x00000000811b8058,0x0000000085600000)
 Metaspace       used 45369K, capacity 46326K, committed 46592K, reserved 1089536K
  class space    used 6104K, capacity 6386K, committed 6400K, reserved 1048576K
Event: 5.978 GC heap after
Heap after GC invocations=12 (full 2):
 PSYoungGen      total 152064K, used 12265K [0x00000000d5580000, 0x00000000e0580000, 0x0000000100000000)
  eden space 139776K, 0% used [0x00000000d5580000,0x00000000d5580000,0x00000000dde00000)
  from space 12288K, 99% used [0x00000000df980000,0x00000000e057a730,0x00000000e0580000)
  to   space 14336K, 0% used [0x00000000de980000,0x00000000de980000,0x00000000df780000)
 ParOldGen       total 88064K, used 20375K [0x0000000080000000, 0x0000000085600000, 0x00000000d5580000)
  object space 88064K, 23% used [0x0000000080000000,0x00000000813e5d38,0x0000000085600000)
 Metaspace       used 45369K, capacity 46326K, committed 46592K, reserved 1089536K
  class space    used 6104K, capacity 6386K, committed 6400K, reserved 1048576K
}
Event: 7.394 GC heap before
{Heap before GC invocations=13 (full 2):
 PSYoungGen      total 152064K, used 152041K [0x00000000d5580000, 0x00000000e0580000, 0x0000000100000000)
  eden space 139776K, 100% used [0x00000000d5580000,0x00000000dde00000,0x00000000dde00000)
  from space 12288K, 99% used [0x00000000df980000,0x00000000e057a730,0x00000000e0580000)
  to   space 14336K, 0% used [0x00000000de980000,0x00000000de980000,0x00000000df780000)
 ParOldGen       total 88064K, used 20375K [0x0000000080000000, 0x0000000085600000, 0x00000000d5580000)
  object space 88064K, 23% used [0x0000000080000000,0x00000000813e5d38,0x0000000085600000)
 Metaspace       used 55312K, capacity 56794K, committed 56960K, reserved 1097728K
  class space    used 7524K, capacity 7961K, committed 8064K, reserved 1048576K
Event: 7.416 GC heap after
Heap after GC invocations=13 (full 2):
 PSYoungGen      total 165888K, used 14326K [0x00000000d5580000, 0x00000000e2600000, 0x0000000100000000)
  eden space 151552K, 0% used [0x00000000d5580000,0x00000000d5580000,0x00000000de980000)
  from space 14336K, 99% used [0x00000000de980000,0x00000000df77d9b8,0x00000000df780000)
  to   space 18944K, 0% used [0x00000000e1380000,0x00000000e1380000,0x00000000e2600000)
 ParOldGen       total 88064K, used 28201K [0x0000000080000000, 0x0000000085600000, 0x00000000d5580000)
  object space 88064K, 32% used [0x0000000080000000,0x0000000081b8a448,0x0000000085600000)
 Metaspace       used 55312K, capacity 56794K, committed 56960K, reserved 1097728K
  class space    used 7524K, capacity 7961K, committed 8064K, reserved 1048576K
}

