# JRE version: OpenJDK Runtime Environment (8.0_202-b03) (build 1.8.0_202-release-1483-b03)
# Java VM: OpenJDK 64-Bit Server VM (25.202-b03 mixed mode windows-amd64 compressed oops)
Heap:
 PSYoungGen      total 64000K, used 12627K [0x000000076ab00000, 0x0000000770b00000, 0x00000007c0000000)
  eden space 53760K, 7% used [0x000000076ab00000,0x000000076aefdb80,0x000000076df80000)
  from space 10240K, 83% used [0x000000076df80000,0x000000076e7d73d0,0x000000076e980000)
  to   space 10752K, 0% used [0x0000000770080000,0x0000000770080000,0x0000000770b00000)
 ParOldGen       total 56832K, used 8811K [0x00000006c0000000, 0x00000006c3780000, 0x000000076ab00000)
  object space 56832K, 15% used [0x00000006c0000000,0x00000006c089ada8,0x00000006c3780000)
 Metaspace       used 31443K, capacity 32066K, committed 32384K, reserved 1077248K
  class space    used 4406K, capacity 4628K, committed 4736K, reserved 1048576K
GC Heap History (10 events):
Event: 5.567 GC heap before
{Heap before GC invocations=6 (full 0):
 PSYoungGen      total 37376K, used 19269K [0x000000076ab00000, 0x000000076df80000, 0x00000007c0000000)
  eden space 32256K, 43% used [0x000000076ab00000,0x000000076b8d94f0,0x000000076ca80000)
  from space 5120K, 99% used [0x000000076cb00000,0x000000076cff8020,0x000000076d000000)
  to   space 10752K, 0% used [0x000000076d500000,0x000000076d500000,0x000000076df80000)
 ParOldGen       total 86016K, used 8680K [0x00000006c0000000, 0x00000006c5400000, 0x000000076ab00000)
  object space 86016K, 10% used [0x00000006c0000000,0x00000006c087a348,0x00000006c5400000)
 Metaspace       used 20637K, capacity 21124K, committed 21296K, reserved 1067008K
  class space    used 2957K, capacity 3129K, committed 3200K, reserved 1048576K
Event: 5.573 GC heap after
Heap after GC invocations=6 (full 0):
 PSYoungGen      total 43008K, used 7475K [0x000000076ab00000, 0x000000076ff00000, 0x00000007c0000000)
  eden space 32256K, 0% used [0x000000076ab00000,0x000000076ab00000,0x000000076ca80000)
  from space 10752K, 69% used [0x000000076d500000,0x000000076dc4ce98,0x000000076df80000)
  to   space 10752K, 0% used [0x000000076ca80000,0x000000076ca80000,0x000000076d500000)
 ParOldGen       total 86016K, used 8688K [0x00000006c0000000, 0x00000006c5400000, 0x000000076ab00000)
  object space 86016K, 10% used [0x00000006c0000000,0x00000006c087c348,0x00000006c5400000)
 Metaspace       used 20637K, capacity 21124K, committed 21296K, reserved 1067008K
  class space    used 2957K, capacity 3129K, committed 3200K, reserved 1048576K
}
Event: 5.573 GC heap before
{Heap before GC invocations=7 (full 1):
 PSYoungGen      total 43008K, used 7475K [0x000000076ab00000, 0x000000076ff00000, 0x00000007c0000000)
  eden space 32256K, 0% used [0x000000076ab00000,0x000000076ab00000,0x000000076ca80000)
  from space 10752K, 69% used [0x000000076d500000,0x000000076dc4ce98,0x000000076df80000)
  to   space 10752K, 0% used [0x000000076ca80000,0x000000076ca80000,0x000000076d500000)
 ParOldGen       total 86016K, used 8688K [0x00000006c0000000, 0x00000006c5400000, 0x000000076ab00000)
  object space 86016K, 10% used [0x00000006c0000000,0x00000006c087c348,0x00000006c5400000)
 Metaspace       used 20637K, capacity 21124K, committed 21296K, reserved 1067008K
  class space    used 2957K, capacity 3129K, committed 3200K, reserved 1048576K
Event: 5.603 GC heap after
Heap after GC invocations=7 (full 1):
 PSYoungGen      total 43008K, used 0K [0x000000076ab00000, 0x000000076ff00000, 0x00000007c0000000)
  eden space 32256K, 0% used [0x000000076ab00000,0x000000076ab00000,0x000000076ca80000)
  from space 10752K, 0% used [0x000000076d500000,0x000000076d500000,0x000000076df80000)
  to   space 10752K, 0% used [0x000000076ca80000,0x000000076ca80000,0x000000076d500000)
 ParOldGen       total 56832K, used 8787K [0x00000006c0000000, 0x00000006c3780000, 0x000000076ab00000)
  object space 56832K, 15% used [0x00000006c0000000,0x00000006c0894da8,0x00000006c3780000)
 Metaspace       used 20637K, capacity 21124K, committed 21296K, reserved 1067008K
  class space    used 2957K, capacity 3129K, committed 3200K, reserved 1048576K
}
Event: 6.484 GC heap before
{Heap before GC invocations=8 (full 1):
 PSYoungGen      total 43008K, used 32256K [0x000000076ab00000, 0x000000076ff00000, 0x00000007c0000000)
  eden space 32256K, 100% used [0x000000076ab00000,0x000000076ca80000,0x000000076ca80000)
  from space 10752K, 0% used [0x000000076d500000,0x000000076d500000,0x000000076df80000)
  to   space 10752K, 0% used [0x000000076ca80000,0x000000076ca80000,0x000000076d500000)
 ParOldGen       total 56832K, used 8787K [0x00000006c0000000, 0x00000006c3780000, 0x000000076ab00000)
  object space 56832K, 15% used [0x00000006c0000000,0x00000006c0894da8,0x00000006c3780000)
 Metaspace       used 25804K, capacity 26304K, committed 26496K, reserved 1073152K
  class space    used 3484K, capacity 3681K, committed 3712K, reserved 1048576K
Event: 6.488 GC heap after
Heap after GC invocations=8 (full 1):
 PSYoungGen      total 43008K, used 4490K [0x000000076ab00000, 0x000000076f380000, 0x00000007c0000000)
  eden space 32256K, 0% used [0x000000076ab00000,0x000000076ab00000,0x000000076ca80000)
  from space 10752K, 41% used [0x000000076ca80000,0x000000076cee2bc8,0x000000076d500000)
  to   space 10240K, 0% used [0x000000076e980000,0x000000076e980000,0x000000076f380000)
 ParOldGen       total 56832K, used 8795K [0x00000006c0000000, 0x00000006c3780000, 0x000000076ab00000)
  object space 56832K, 15% used [0x00000006c0000000,0x00000006c0896da8,0x00000006c3780000)
 Metaspace       used 25804K, capacity 26304K, committed 26496K, reserved 1073152K
  class space    used 3484K, capacity 3681K, committed 3712K, reserved 1048576K
}
Event: 6.772 GC heap before
{Heap before GC invocations=9 (full 1):
 PSYoungGen      total 43008K, used 36746K [0x000000076ab00000, 0x000000076f380000, 0x00000007c0000000)
  eden space 32256K, 100% used [0x000000076ab00000,0x000000076ca80000,0x000000076ca80000)
  from space 10752K, 41% used [0x000000076ca80000,0x000000076cee2bc8,0x000000076d500000)
  to   space 10240K, 0% used [0x000000076e980000,0x000000076e980000,0x000000076f380000)
 ParOldGen       total 56832K, used 8795K [0x00000006c0000000, 0x00000006c3780000, 0x000000076ab00000)
  object space 56832K, 15% used [0x00000006c0000000,0x00000006c0896da8,0x00000006c3780000)
 Metaspace       used 28183K, capacity 28684K, committed 28928K, reserved 1075200K
  class space    used 3881K, capacity 4067K, committed 4096K, reserved 1048576K
Event: 6.778 GC heap after
Heap after GC invocations=9 (full 1):
 PSYoungGen      total 64000K, used 5452K [0x000000076ab00000, 0x000000076f580000, 0x00000007c0000000)
  eden space 53760K, 0% used [0x000000076ab00000,0x000000076ab00000,0x000000076df80000)
  from space 10240K, 53% used [0x000000076e980000,0x000000076eed33c8,0x000000076f380000)
  to   space 10240K, 0% used [0x000000076df80000,0x000000076df80000,0x000000076e980000)
 ParOldGen       total 56832K, used 8803K [0x00000006c0000000, 0x00000006c3780000, 0x000000076ab00000)
  object space 56832K, 15% used [0x00000006c0000000,0x00000006c0898da8,0x00000006c3780000)
 Metaspace       used 28183K, capacity 28684K, committed 28928K, reserved 1075200K
  class space    used 3881K, capacity 4067K, committed 4096K, reserved 1048576K
}
Event: 7.697 GC heap before
{Heap before GC invocations=10 (full 1):
 PSYoungGen      total 64000K, used 59212K [0x000000076ab00000, 0x000000076f580000, 0x00000007c0000000)
  eden space 53760K, 100% used [0x000000076ab00000,0x000000076df80000,0x000000076df80000)
  from space 10240K, 53% used [0x000000076e980000,0x000000076eed33c8,0x000000076f380000)
  to   space 10240K, 0% used [0x000000076df80000,0x000000076df80000,0x000000076e980000)
 ParOldGen       total 56832K, used 8803K [0x00000006c0000000, 0x00000006c3780000, 0x000000076ab00000)
  object space 56832K, 15% used [0x00000006c0000000,0x00000006c0898da8,0x00000006c3780000)
 Metaspace       used 31344K, capacity 31900K, committed 32000K, reserved 1077248K
  class space    used 4389K, capacity 4594K, committed 4608K, reserved 1048576K
Event: 7.707 GC heap after
Heap after GC invocations=10 (full 1):
 PSYoungGen      total 64000K, used 8540K [0x000000076ab00000, 0x0000000770b00000, 0x00000007c0000000)
  eden space 53760K, 0% used [0x000000076ab00000,0x000000076ab00000,0x000000076df80000)
  from space 10240K, 83% used [0x000000076df80000,0x000000076e7d73d0,0x000000076e980000)
  to   space 10752K, 0% used [0x0000000770080000,0x0000000770080000,0x0000000770b00000)
 ParOldGen       total 56832K, used 8811K [0x00000006c0000000, 0x00000006c3780000, 0x000000076ab00000)
  object space 56832K, 15% used [0x00000006c0000000,0x00000006c089ada8,0x00000006c3780000)
 Metaspace       used 31344K, capacity 31900K, committed 32000K, reserved 1077248K
  class space    used 4389K, capacity 4594K, committed 4608K, reserved 1048576K
}

