# JRE version: OpenJDK Runtime Environment (8.0_202-b03) (build 1.8.0_202-release-1483-b03)
# Java VM: OpenJDK 64-Bit Server VM (25.202-b03 mixed mode windows-amd64 compressed oops)
Heap:
 PSYoungGen      total 155136K, used 30166K [0x00000000d5580000, 0x00000000e0200000, 0x0000000100000000)
  eden space 140800K, 11% used [0x00000000d5580000,0x00000000d64fd6a8,0x00000000ddf00000)
  from space 14336K, 99% used [0x00000000de600000,0x00000000df3f83e0,0x00000000df400000)
  to   space 12288K, 0% used [0x00000000df600000,0x00000000df600000,0x00000000e0200000)
 ParOldGen       total 86528K, used 27843K [0x0000000080000000, 0x0000000085480000, 0x00000000d5580000)
  object space 86528K, 32% used [0x0000000080000000,0x0000000081b30c30,0x0000000085480000)
 Metaspace       used 56129K, capacity 57668K, committed 57856K, reserved 1099776K
  class space    used 7641K, capacity 8080K, committed 8192K, reserved 1048576K
GC Heap History (10 events):
Event: 4.199 GC heap before
{Heap before GC invocations=9 (full 1):
 PSYoungGen      total 75776K, used 73544K [0x00000000d5580000, 0x00000000dd500000, 0x0000000100000000)
  eden space 65536K, 100% used [0x00000000d5580000,0x00000000d9580000,0x00000000d9580000)
  from space 10240K, 78% used [0x00000000d9580000,0x00000000d9d52088,0x00000000d9f80000)
  to   space 10752K, 0% used [0x00000000dca80000,0x00000000dca80000,0x00000000dd500000)
 ParOldGen       total 56320K, used 8595K [0x0000000080000000, 0x0000000083700000, 0x00000000d5580000)
  object space 56320K, 15% used [0x0000000080000000,0x0000000080864da0,0x0000000083700000)
 Metaspace       used 32259K, capacity 32802K, committed 33152K, reserved 1077248K
  class space    used 4451K, capacity 4624K, committed 4736K, reserved 1048576K
Event: 4.208 GC heap after
Heap after GC invocations=9 (full 1):
 PSYoungGen      total 118784K, used 8661K [0x00000000d5580000, 0x00000000dd480000, 0x0000000100000000)
  eden space 108544K, 0% used [0x00000000d5580000,0x00000000d5580000,0x00000000dbf80000)
  from space 10240K, 84% used [0x00000000dca80000,0x00000000dd2f5690,0x00000000dd480000)
  to   space 10752K, 0% used [0x00000000dbf80000,0x00000000dbf80000,0x00000000dca00000)
 ParOldGen       total 56320K, used 8603K [0x0000000080000000, 0x0000000083700000, 0x00000000d5580000)
  object space 56320K, 15% used [0x0000000080000000,0x0000000080866da0,0x0000000083700000)
 Metaspace       used 32259K, capacity 32802K, committed 33152K, reserved 1077248K
  class space    used 4451K, capacity 4624K, committed 4736K, reserved 1048576K
}
Event: 4.738 GC heap before
{Heap before GC invocations=10 (full 1):
 PSYoungGen      total 118784K, used 65625K [0x00000000d5580000, 0x00000000dd480000, 0x0000000100000000)
  eden space 108544K, 52% used [0x00000000d5580000,0x00000000d8d20f90,0x00000000dbf80000)
  from space 10240K, 84% used [0x00000000dca80000,0x00000000dd2f5690,0x00000000dd480000)
  to   space 10752K, 0% used [0x00000000dbf80000,0x00000000dbf80000,0x00000000dca00000)
 ParOldGen       total 56320K, used 8603K [0x0000000080000000, 0x0000000083700000, 0x00000000d5580000)
  object space 56320K, 15% used [0x0000000080000000,0x0000000080866da0,0x0000000083700000)
 Metaspace       used 34603K, capacity 35330K, committed 35496K, reserved 1079296K
  class space    used 4785K, capacity 5006K, committed 5120K, reserved 1048576K
Event: 4.750 GC heap after
Heap after GC invocations=10 (full 1):
 PSYoungGen      total 119296K, used 10750K [0x00000000d5580000, 0x00000000e0200000, 0x0000000100000000)
  eden space 108544K, 0% used [0x00000000d5580000,0x00000000d5580000,0x00000000dbf80000)
  from space 10752K, 99% used [0x00000000dbf80000,0x00000000dc9ffa28,0x00000000dca00000)
  to   space 12288K, 0% used [0x00000000df600000,0x00000000df600000,0x00000000e0200000)
 ParOldGen       total 56320K, used 8854K [0x0000000080000000, 0x0000000083700000, 0x00000000d5580000)
  object space 56320K, 15% used [0x0000000080000000,0x00000000808a58c8,0x0000000083700000)
 Metaspace       used 34603K, capacity 35330K, committed 35496K, reserved 1079296K
  class space    used 4785K, capacity 5006K, committed 5120K, reserved 1048576K
}
Event: 4.750 GC heap before
{Heap before GC invocations=11 (full 2):
 PSYoungGen      total 119296K, used 10750K [0x00000000d5580000, 0x00000000e0200000, 0x0000000100000000)
  eden space 108544K, 0% used [0x00000000d5580000,0x00000000d5580000,0x00000000dbf80000)
  from space 10752K, 99% used [0x00000000dbf80000,0x00000000dc9ffa28,0x00000000dca00000)
  to   space 12288K, 0% used [0x00000000df600000,0x00000000df600000,0x00000000e0200000)
 ParOldGen       total 56320K, used 8854K [0x0000000080000000, 0x0000000083700000, 0x00000000d5580000)
  object space 56320K, 15% used [0x0000000080000000,0x00000000808a58c8,0x0000000083700000)
 Metaspace       used 34603K, capacity 35330K, committed 35496K, reserved 1079296K
  class space    used 4785K, capacity 5006K, committed 5120K, reserved 1048576K
Event: 4.802 GC heap after
Heap after GC invocations=11 (full 2):
 PSYoungGen      total 119296K, used 0K [0x00000000d5580000, 0x00000000e0200000, 0x0000000100000000)
  eden space 108544K, 0% used [0x00000000d5580000,0x00000000d5580000,0x00000000dbf80000)
  from space 10752K, 0% used [0x00000000dbf80000,0x00000000dbf80000,0x00000000dca00000)
  to   space 12288K, 0% used [0x00000000df600000,0x00000000df600000,0x00000000e0200000)
 ParOldGen       total 86528K, used 17983K [0x0000000080000000, 0x0000000085480000, 0x00000000d5580000)
  object space 86528K, 20% used [0x0000000080000000,0x000000008118ff88,0x0000000085480000)
 Metaspace       used 34567K, capacity 35210K, committed 35496K, reserved 1079296K
  class space    used 4774K, capacity 4986K, committed 5120K, reserved 1048576K
}
Event: 6.003 GC heap before
{Heap before GC invocations=12 (full 2):
 PSYoungGen      total 119296K, used 108544K [0x00000000d5580000, 0x00000000e0200000, 0x0000000100000000)
  eden space 108544K, 100% used [0x00000000d5580000,0x00000000dbf80000,0x00000000dbf80000)
  from space 10752K, 0% used [0x00000000dbf80000,0x00000000dbf80000,0x00000000dca00000)
  to   space 12288K, 0% used [0x00000000df600000,0x00000000df600000,0x00000000e0200000)
 ParOldGen       total 86528K, used 17983K [0x0000000080000000, 0x0000000085480000, 0x00000000d5580000)
  object space 86528K, 20% used [0x0000000080000000,0x000000008118ff88,0x0000000085480000)
 Metaspace       used 45358K, capacity 46324K, committed 46592K, reserved 1089536K
  class space    used 6101K, capacity 6384K, committed 6400K, reserved 1048576K
Event: 6.018 GC heap after
Heap after GC invocations=12 (full 2):
 PSYoungGen      total 153088K, used 12277K [0x00000000d5580000, 0x00000000e0200000, 0x0000000100000000)
  eden space 140800K, 0% used [0x00000000d5580000,0x00000000d5580000,0x00000000ddf00000)
  from space 12288K, 99% used [0x00000000df600000,0x00000000e01fd4b0,0x00000000e0200000)
  to   space 14336K, 0% used [0x00000000de600000,0x00000000de600000,0x00000000df400000)
 ParOldGen       total 86528K, used 20179K [0x0000000080000000, 0x0000000085480000, 0x00000000d5580000)
  object space 86528K, 23% used [0x0000000080000000,0x00000000813b4d80,0x0000000085480000)
 Metaspace       used 45358K, capacity 46324K, committed 46592K, reserved 1089536K
  class space    used 6101K, capacity 6384K, committed 6400K, reserved 1048576K
}
Event: 7.591 GC heap before
{Heap before GC invocations=13 (full 2):
 PSYoungGen      total 153088K, used 153077K [0x00000000d5580000, 0x00000000e0200000, 0x0000000100000000)
  eden space 140800K, 100% used [0x00000000d5580000,0x00000000ddf00000,0x00000000ddf00000)
  from space 12288K, 99% used [0x00000000df600000,0x00000000e01fd4b0,0x00000000e0200000)
  to   space 14336K, 0% used [0x00000000de600000,0x00000000de600000,0x00000000df400000)
 ParOldGen       total 86528K, used 20179K [0x0000000080000000, 0x0000000085480000, 0x00000000d5580000)
  object space 86528K, 23% used [0x0000000080000000,0x00000000813b4d80,0x0000000085480000)
 Metaspace       used 54925K, capacity 56502K, committed 56832K, reserved 1097728K
  class space    used 7430K, capacity 7875K, committed 7936K, reserved 1048576K
Event: 7.635 GC heap after
Heap after GC invocations=13 (full 2):
 PSYoungGen      total 155136K, used 14304K [0x00000000d5580000, 0x00000000e0200000, 0x0000000100000000)
  eden space 140800K, 0% used [0x00000000d5580000,0x00000000d5580000,0x00000000ddf00000)
  from space 14336K, 99% used [0x00000000de600000,0x00000000df3f83e0,0x00000000df400000)
  to   space 12288K, 0% used [0x00000000df600000,0x00000000df600000,0x00000000e0200000)
 ParOldGen       total 86528K, used 27843K [0x0000000080000000, 0x0000000085480000, 0x00000000d5580000)
  object space 86528K, 32% used [0x0000000080000000,0x0000000081b30c30,0x0000000085480000)
 Metaspace       used 54925K, capacity 56502K, committed 56832K, reserved 1097728K
  class space    used 7430K, capacity 7875K, committed 7936K, reserved 1048576K
}

