# JRE version: OpenJDK Runtime Environment (8.0_202-b03) (build 1.8.0_202-release-1483-b03)
# Java VM: OpenJDK 64-Bit Server VM (25.202-b03 mixed mode windows-amd64 compressed oops)
Heap:
 PSYoungGen      total 173568K, used 124615K [0x00000000e0000000, 0x00000000ed500000, 0x0000000100000000)
  eden space 156672K, 70% used [0x00000000e0000000,0x00000000e6c46968,0x00000000e9900000)
  from space 16896K, 81% used [0x00000000e9900000,0x00000000ea66b468,0x00000000ea980000)
  to   space 17408K, 0% used [0x00000000ec400000,0x00000000ec400000,0x00000000ed500000)
 ParOldGen       total 140800K, used 34552K [0x00000000a0000000, 0x00000000a8980000, 0x00000000e0000000)
  object space 140800K, 24% used [0x00000000a0000000,0x00000000a21be0a0,0x00000000a8980000)
 Metaspace       used 62475K, capacity 64706K, committed 64896K, reserved 1105920K
  class space    used 8448K, capacity 8965K, committed 9088K, reserved 1048576K
GC Heap History (10 events):
Event: 6.839 GC heap before
{Heap before GC invocations=12 (full 2):
 PSYoungGen      total 115712K, used 104960K [0x00000000e0000000, 0x00000000ea480000, 0x0000000100000000)
  eden space 104960K, 100% used [0x00000000e0000000,0x00000000e6680000,0x00000000e6680000)
  from space 10752K, 0% used [0x00000000e6680000,0x00000000e6680000,0x00000000e7100000)
  to   space 12288K, 0% used [0x00000000e9880000,0x00000000e9880000,0x00000000ea480000)
 ParOldGen       total 93184K, used 18027K [0x00000000a0000000, 0x00000000a5b00000, 0x00000000e0000000)
  object space 93184K, 19% used [0x00000000a0000000,0x00000000a119ac50,0x00000000a5b00000)
 Metaspace       used 45321K, capacity 46250K, committed 46336K, reserved 1089536K
  class space    used 6093K, capacity 6382K, committed 6400K, reserved 1048576K
Event: 6.852 GC heap after
Heap after GC invocations=12 (full 2):
 PSYoungGen      total 141824K, used 12286K [0x00000000e0000000, 0x00000000ea480000, 0x0000000100000000)
  eden space 129536K, 0% used [0x00000000e0000000,0x00000000e0000000,0x00000000e7e80000)
  from space 12288K, 99% used [0x00000000e9880000,0x00000000ea47fac8,0x00000000ea480000)
  to   space 14336K, 0% used [0x00000000e8880000,0x00000000e8880000,0x00000000e9680000)
 ParOldGen       total 93184K, used 20034K [0x00000000a0000000, 0x00000000a5b00000, 0x00000000e0000000)
  object space 93184K, 21% used [0x00000000a0000000,0x00000000a13908b0,0x00000000a5b00000)
 Metaspace       used 45321K, capacity 46250K, committed 46336K, reserved 1089536K
  class space    used 6093K, capacity 6382K, committed 6400K, reserved 1048576K
}
Event: 8.483 GC heap before
{Heap before GC invocations=13 (full 2):
 PSYoungGen      total 141824K, used 141822K [0x00000000e0000000, 0x00000000ea480000, 0x0000000100000000)
  eden space 129536K, 100% used [0x00000000e0000000,0x00000000e7e80000,0x00000000e7e80000)
  from space 12288K, 99% used [0x00000000e9880000,0x00000000ea47fac8,0x00000000ea480000)
  to   space 14336K, 0% used [0x00000000e8880000,0x00000000e8880000,0x00000000e9680000)
 ParOldGen       total 93184K, used 20034K [0x00000000a0000000, 0x00000000a5b00000, 0x00000000e0000000)
  object space 93184K, 21% used [0x00000000a0000000,0x00000000a13908b0,0x00000000a5b00000)
 Metaspace       used 53955K, capacity 55478K, committed 55680K, reserved 1097728K
  class space    used 7294K, capacity 7737K, committed 7808K, reserved 1048576K
Event: 8.500 GC heap after
Heap after GC invocations=13 (full 2):
 PSYoungGen      total 154112K, used 14182K [0x00000000e0000000, 0x00000000eb900000, 0x0000000100000000)
  eden space 139776K, 0% used [0x00000000e0000000,0x00000000e0000000,0x00000000e8880000)
  from space 14336K, 98% used [0x00000000e8880000,0x00000000e9659b48,0x00000000e9680000)
  to   space 15872K, 0% used [0x00000000ea980000,0x00000000ea980000,0x00000000eb900000)
 ParOldGen       total 93184K, used 26568K [0x00000000a0000000, 0x00000000a5b00000, 0x00000000e0000000)
  object space 93184K, 28% used [0x00000000a0000000,0x00000000a19f2118,0x00000000a5b00000)
 Metaspace       used 53955K, capacity 55478K, committed 55680K, reserved 1097728K
  class space    used 7294K, capacity 7737K, committed 7808K, reserved 1048576K
}
Event: 9.368 GC heap before
{Heap before GC invocations=14 (full 2):
 PSYoungGen      total 154112K, used 68103K [0x00000000e0000000, 0x00000000eb900000, 0x0000000100000000)
  eden space 139776K, 38% used [0x00000000e0000000,0x00000000e34a8250,0x00000000e8880000)
  from space 14336K, 98% used [0x00000000e8880000,0x00000000e9659b48,0x00000000e9680000)
  to   space 15872K, 0% used [0x00000000ea980000,0x00000000ea980000,0x00000000eb900000)
 ParOldGen       total 93184K, used 26568K [0x00000000a0000000, 0x00000000a5b00000, 0x00000000e0000000)
  object space 93184K, 28% used [0x00000000a0000000,0x00000000a19f2118,0x00000000a5b00000)
 Metaspace       used 57464K, capacity 59066K, committed 59160K, reserved 1101824K
  class space    used 7800K, capacity 8261K, committed 8320K, reserved 1048576K
Event: 9.382 GC heap after
Heap after GC invocations=14 (full 2):
 PSYoungGen      total 172544K, used 12657K [0x00000000e0000000, 0x00000000ec780000, 0x0000000100000000)
  eden space 156672K, 0% used [0x00000000e0000000,0x00000000e0000000,0x00000000e9900000)
  from space 15872K, 79% used [0x00000000ea980000,0x00000000eb5dc520,0x00000000eb900000)
  to   space 16896K, 0% used [0x00000000e9900000,0x00000000e9900000,0x00000000ea980000)
 ParOldGen       total 93184K, used 26576K [0x00000000a0000000, 0x00000000a5b00000, 0x00000000e0000000)
  object space 93184K, 28% used [0x00000000a0000000,0x00000000a19f4118,0x00000000a5b00000)
 Metaspace       used 57464K, capacity 59066K, committed 59160K, reserved 1101824K
  class space    used 7800K, capacity 8261K, committed 8320K, reserved 1048576K
}
Event: 9.382 GC heap before
{Heap before GC invocations=15 (full 3):
 PSYoungGen      total 172544K, used 12657K [0x00000000e0000000, 0x00000000ec780000, 0x0000000100000000)
  eden space 156672K, 0% used [0x00000000e0000000,0x00000000e0000000,0x00000000e9900000)
  from space 15872K, 79% used [0x00000000ea980000,0x00000000eb5dc520,0x00000000eb900000)
  to   space 16896K, 0% used [0x00000000e9900000,0x00000000e9900000,0x00000000ea980000)
 ParOldGen       total 93184K, used 26576K [0x00000000a0000000, 0x00000000a5b00000, 0x00000000e0000000)
  object space 93184K, 28% used [0x00000000a0000000,0x00000000a19f4118,0x00000000a5b00000)
 Metaspace       used 57464K, capacity 59066K, committed 59160K, reserved 1101824K
  class space    used 7800K, capacity 8261K, committed 8320K, reserved 1048576K
Event: 9.615 GC heap after
Heap after GC invocations=15 (full 3):
 PSYoungGen      total 172544K, used 0K [0x00000000e0000000, 0x00000000ec780000, 0x0000000100000000)
  eden space 156672K, 0% used [0x00000000e0000000,0x00000000e0000000,0x00000000e9900000)
  from space 15872K, 0% used [0x00000000ea980000,0x00000000ea980000,0x00000000eb900000)
  to   space 16896K, 0% used [0x00000000e9900000,0x00000000e9900000,0x00000000ea980000)
 ParOldGen       total 140800K, used 34544K [0x00000000a0000000, 0x00000000a8980000, 0x00000000e0000000)
  object space 140800K, 24% used [0x00000000a0000000,0x00000000a21bc0a0,0x00000000a8980000)
 Metaspace       used 57464K, capacity 59066K, committed 59160K, reserved 1101824K
  class space    used 7800K, capacity 8261K, committed 8320K, reserved 1048576K
}
Event: 11.161 GC heap before
{Heap before GC invocations=16 (full 3):
 PSYoungGen      total 172544K, used 156672K [0x00000000e0000000, 0x00000000ec780000, 0x0000000100000000)
  eden space 156672K, 100% used [0x00000000e0000000,0x00000000e9900000,0x00000000e9900000)
  from space 15872K, 0% used [0x00000000ea980000,0x00000000ea980000,0x00000000eb900000)
  to   space 16896K, 0% used [0x00000000e9900000,0x00000000e9900000,0x00000000ea980000)
 ParOldGen       total 140800K, used 34544K [0x00000000a0000000, 0x00000000a8980000, 0x00000000e0000000)
  object space 140800K, 24% used [0x00000000a0000000,0x00000000a21bc0a0,0x00000000a8980000)
 Metaspace       used 60426K, capacity 62606K, committed 62848K, reserved 1103872K
  class space    used 8215K, capacity 8747K, committed 8832K, reserved 1048576K
Event: 11.178 GC heap after
Heap after GC invocations=16 (full 3):
 PSYoungGen      total 173568K, used 13741K [0x00000000e0000000, 0x00000000ed500000, 0x0000000100000000)
  eden space 156672K, 0% used [0x00000000e0000000,0x00000000e0000000,0x00000000e9900000)
  from space 16896K, 81% used [0x00000000e9900000,0x00000000ea66b468,0x00000000ea980000)
  to   space 17408K, 0% used [0x00000000ec400000,0x00000000ec400000,0x00000000ed500000)
 ParOldGen       total 140800K, used 34552K [0x00000000a0000000, 0x00000000a8980000, 0x00000000e0000000)
  object space 140800K, 24% used [0x00000000a0000000,0x00000000a21be0a0,0x00000000a8980000)
 Metaspace       used 60426K, capacity 62606K, committed 62848K, reserved 1103872K
  class space    used 8215K, capacity 8747K, committed 8832K, reserved 1048576K
}

