# JRE version: OpenJDK Runtime Environment (8.0_202-b03) (build 1.8.0_202-release-1483-b03)
# Java VM: OpenJDK 64-Bit Server VM (25.202-b03 mixed mode windows-amd64 compressed oops)
Heap:
 PSYoungGen      total 136704K, used 28628K [0x00000000d5580000, 0x00000000e1800000, 0x0000000100000000)
  eden space 123392K, 23% used [0x00000000d5580000,0x00000000d7175370,0x00000000dce00000)
  from space 13312K, 0% used [0x00000000dce00000,0x00000000dce00000,0x00000000ddb00000)
  to   space 13824K, 0% used [0x00000000e0a80000,0x00000000e0a80000,0x00000000e1800000)
 ParOldGen       total 74752K, used 36739K [0x0000000080000000, 0x0000000084900000, 0x00000000d5580000)
  object space 74752K, 49% used [0x0000000080000000,0x00000000823e0ce0,0x0000000084900000)
 Metaspace       used 58641K, capacity 60344K, committed 60416K, reserved 1101824K
  class space    used 7970K, capacity 8420K, committed 8448K, reserved 1048576K
GC Heap History (10 events):
Event: 15.919 GC heap before
{Heap before GC invocations=12 (full 2):
 PSYoungGen      total 100352K, used 8185K [0x00000000d5580000, 0x00000000dc280000, 0x0000000100000000)
  eden space 90112K, 0% used [0x00000000d5580000,0x00000000d5580000,0x00000000dad80000)
  from space 10240K, 79% used [0x00000000db880000,0x00000000dc07e610,0x00000000dc280000)
  to   space 10752K, 0% used [0x00000000dad80000,0x00000000dad80000,0x00000000db800000)
 ParOldGen       total 51712K, used 11853K [0x0000000080000000, 0x0000000083280000, 0x00000000d5580000)
  object space 51712K, 22% used [0x0000000080000000,0x0000000080b935f0,0x0000000083280000)
 Metaspace       used 34635K, capacity 35378K, committed 35496K, reserved 1079296K
  class space    used 4787K, capacity 5003K, committed 5120K, reserved 1048576K
Event: 15.978 GC heap after
Heap after GC invocations=12 (full 2):
 PSYoungGen      total 100352K, used 0K [0x00000000d5580000, 0x00000000dc280000, 0x0000000100000000)
  eden space 90112K, 0% used [0x00000000d5580000,0x00000000d5580000,0x00000000dad80000)
  from space 10240K, 0% used [0x00000000db880000,0x00000000db880000,0x00000000dc280000)
  to   space 10752K, 0% used [0x00000000dad80000,0x00000000dad80000,0x00000000db800000)
 ParOldGen       total 74752K, used 18232K [0x0000000080000000, 0x0000000084900000, 0x00000000d5580000)
  object space 74752K, 24% used [0x0000000080000000,0x00000000811ce2c0,0x0000000084900000)
 Metaspace       used 34602K, capacity 35264K, committed 35496K, reserved 1079296K
  class space    used 4776K, capacity 4984K, committed 5120K, reserved 1048576K
}
Event: 17.973 GC heap before
{Heap before GC invocations=13 (full 2):
 PSYoungGen      total 100352K, used 90112K [0x00000000d5580000, 0x00000000dc280000, 0x0000000100000000)
  eden space 90112K, 100% used [0x00000000d5580000,0x00000000dad80000,0x00000000dad80000)
  from space 10240K, 0% used [0x00000000db880000,0x00000000db880000,0x00000000dc280000)
  to   space 10752K, 0% used [0x00000000dad80000,0x00000000dad80000,0x00000000db800000)
 ParOldGen       total 74752K, used 18232K [0x0000000080000000, 0x0000000084900000, 0x00000000d5580000)
  object space 74752K, 24% used [0x0000000080000000,0x00000000811ce2c0,0x0000000084900000)
 Metaspace       used 44458K, capacity 45376K, committed 45696K, reserved 1089536K
  class space    used 5994K, capacity 6262K, committed 6272K, reserved 1048576K
Event: 17.988 GC heap after
Heap after GC invocations=13 (full 2):
 PSYoungGen      total 100864K, used 10739K [0x00000000d5580000, 0x00000000de780000, 0x0000000100000000)
  eden space 90112K, 0% used [0x00000000d5580000,0x00000000d5580000,0x00000000dad80000)
  from space 10752K, 99% used [0x00000000dad80000,0x00000000db7fce58,0x00000000db800000)
  to   space 12800K, 0% used [0x00000000ddb00000,0x00000000ddb00000,0x00000000de780000)
 ParOldGen       total 74752K, used 21135K [0x0000000080000000, 0x0000000084900000, 0x00000000d5580000)
  object space 74752K, 28% used [0x0000000080000000,0x00000000814a3c70,0x0000000084900000)
 Metaspace       used 44458K, capacity 45376K, committed 45696K, reserved 1089536K
  class space    used 5994K, capacity 6262K, committed 6272K, reserved 1048576K
}
Event: 19.126 GC heap before
{Heap before GC invocations=14 (full 2):
 PSYoungGen      total 100864K, used 100851K [0x00000000d5580000, 0x00000000de780000, 0x0000000100000000)
  eden space 90112K, 100% used [0x00000000d5580000,0x00000000dad80000,0x00000000dad80000)
  from space 10752K, 99% used [0x00000000dad80000,0x00000000db7fce58,0x00000000db800000)
  to   space 12800K, 0% used [0x00000000ddb00000,0x00000000ddb00000,0x00000000de780000)
 ParOldGen       total 74752K, used 21135K [0x0000000080000000, 0x0000000084900000, 0x00000000d5580000)
  object space 74752K, 28% used [0x0000000080000000,0x00000000814a3c70,0x0000000084900000)
 Metaspace       used 50227K, capacity 51514K, committed 51712K, reserved 1093632K
  class space    used 6781K, capacity 7146K, committed 7168K, reserved 1048576K
Event: 19.153 GC heap after
Heap after GC invocations=14 (full 2):
 PSYoungGen      total 136192K, used 9869K [0x00000000d5580000, 0x00000000deb00000, 0x0000000100000000)
  eden space 123392K, 0% used [0x00000000d5580000,0x00000000d5580000,0x00000000dce00000)
  from space 12800K, 77% used [0x00000000ddb00000,0x00000000de4a3518,0x00000000de780000)
  to   space 13312K, 0% used [0x00000000dce00000,0x00000000dce00000,0x00000000ddb00000)
 ParOldGen       total 74752K, used 26598K [0x0000000080000000, 0x0000000084900000, 0x00000000d5580000)
  object space 74752K, 35% used [0x0000000080000000,0x00000000819f9a68,0x0000000084900000)
 Metaspace       used 50227K, capacity 51514K, committed 51712K, reserved 1093632K
  class space    used 6781K, capacity 7146K, committed 7168K, reserved 1048576K
}
Event: 21.418 GC heap before
{Heap before GC invocations=15 (full 2):
 PSYoungGen      total 136192K, used 121790K [0x00000000d5580000, 0x00000000deb00000, 0x0000000100000000)
  eden space 123392K, 90% used [0x00000000d5580000,0x00000000dc2cc6b8,0x00000000dce00000)
  from space 12800K, 77% used [0x00000000ddb00000,0x00000000de4a3518,0x00000000de780000)
  to   space 13312K, 0% used [0x00000000dce00000,0x00000000dce00000,0x00000000ddb00000)
 ParOldGen       total 74752K, used 26598K [0x0000000080000000, 0x0000000084900000, 0x00000000d5580000)
  object space 74752K, 35% used [0x0000000080000000,0x00000000819f9a68,0x0000000084900000)
 Metaspace       used 57412K, capacity 59054K, committed 59160K, reserved 1099776K
  class space    used 7785K, capacity 8215K, committed 8320K, reserved 1048576K
Event: 21.441 GC heap after
Heap after GC invocations=15 (full 2):
 PSYoungGen      total 136704K, used 11144K [0x00000000d5580000, 0x00000000e1800000, 0x0000000100000000)
  eden space 123392K, 0% used [0x00000000d5580000,0x00000000d5580000,0x00000000dce00000)
  from space 13312K, 83% used [0x00000000dce00000,0x00000000dd8e2090,0x00000000ddb00000)
  to   space 13824K, 0% used [0x00000000e0a80000,0x00000000e0a80000,0x00000000e1800000)
 ParOldGen       total 74752K, used 31660K [0x0000000080000000, 0x0000000084900000, 0x00000000d5580000)
  object space 74752K, 42% used [0x0000000080000000,0x0000000081eeb2d8,0x0000000084900000)
 Metaspace       used 57412K, capacity 59054K, committed 59160K, reserved 1099776K
  class space    used 7785K, capacity 8215K, committed 8320K, reserved 1048576K
}
Event: 21.441 GC heap before
{Heap before GC invocations=16 (full 3):
 PSYoungGen      total 136704K, used 11144K [0x00000000d5580000, 0x00000000e1800000, 0x0000000100000000)
  eden space 123392K, 0% used [0x00000000d5580000,0x00000000d5580000,0x00000000dce00000)
  from space 13312K, 83% used [0x00000000dce00000,0x00000000dd8e2090,0x00000000ddb00000)
  to   space 13824K, 0% used [0x00000000e0a80000,0x00000000e0a80000,0x00000000e1800000)
 ParOldGen       total 74752K, used 31660K [0x0000000080000000, 0x0000000084900000, 0x00000000d5580000)
  object space 74752K, 42% used [0x0000000080000000,0x0000000081eeb2d8,0x0000000084900000)
 Metaspace       used 57412K, capacity 59054K, committed 59160K, reserved 1099776K
  class space    used 7785K, capacity 8215K, committed 8320K, reserved 1048576K
Event: 21.686 GC heap after
Heap after GC invocations=16 (full 3):
 PSYoungGen      total 136704K, used 0K [0x00000000d5580000, 0x00000000e1800000, 0x0000000100000000)
  eden space 123392K, 0% used [0x00000000d5580000,0x00000000d5580000,0x00000000dce00000)
  from space 13312K, 0% used [0x00000000dce00000,0x00000000dce00000,0x00000000ddb00000)
  to   space 13824K, 0% used [0x00000000e0a80000,0x00000000e0a80000,0x00000000e1800000)
 ParOldGen       total 74752K, used 36739K [0x0000000080000000, 0x0000000084900000, 0x00000000d5580000)
  object space 74752K, 49% used [0x0000000080000000,0x00000000823e0ce0,0x0000000084900000)
 Metaspace       used 57412K, capacity 59054K, committed 59160K, reserved 1099776K
  class space    used 7785K, capacity 8215K, committed 8320K, reserved 1048576K
}

