# JRE version: OpenJDK Runtime Environment (8.0_202-b03) (build 1.8.0_202-release-1483-b03)
# Java VM: OpenJDK 64-Bit Server VM (25.202-b03 mixed mode windows-amd64 compressed oops)
Heap:
 PSYoungGen      total 212992K, used 179400K [0x00000000d5580000, 0x00000000e5f00000, 0x0000000100000000)
  eden space 168448K, 89% used [0x00000000d5580000,0x00000000de876788,0x00000000dfa00000)
  from space 44544K, 64% used [0x00000000e3380000,0x00000000e4fbbb48,0x00000000e5f00000)
  to   space 51712K, 0% used [0x00000000dfa00000,0x00000000dfa00000,0x00000000e2c80000)
 ParOldGen       total 138752K, used 113829K [0x0000000080000000, 0x0000000088780000, 0x00000000d5580000)
  object space 138752K, 82% used [0x0000000080000000,0x0000000086f29770,0x0000000088780000)
 Metaspace       used 89826K, capacity 95728K, committed 95960K, reserved 1132544K
  class space    used 11619K, capacity 12674K, committed 12800K, reserved 1048576K
GC Heap History (10 events):
Event: 3094.394 GC heap before
{Heap before GC invocations=25 (full 3):
 PSYoungGen      total 232448K, used 232142K [0x00000000d5580000, 0x00000000e7980000, 0x0000000100000000)
  eden space 199680K, 100% used [0x00000000d5580000,0x00000000e1880000,0x00000000e1880000)
  from space 32768K, 99% used [0x00000000e1f00000,0x00000000e3eb3850,0x00000000e3f00000)
  to   space 49664K, 0% used [0x00000000e4900000,0x00000000e4900000,0x00000000e7980000)
 ParOldGen       total 138752K, used 108792K [0x0000000080000000, 0x0000000088780000, 0x00000000d5580000)
  object space 138752K, 78% used [0x0000000080000000,0x0000000086a3e108,0x0000000088780000)
 Metaspace       used 89159K, capacity 94406K, committed 94424K, reserved 1130496K
  class space    used 11540K, capacity 12531K, committed 12544K, reserved 1048576K
Event: 3094.412 GC heap after
Heap after GC invocations=25 (full 3):
 PSYoungGen      total 233984K, used 13927K [0x00000000d5580000, 0x00000000e7100000, 0x0000000100000000)
  eden space 193024K, 0% used [0x00000000d5580000,0x00000000d5580000,0x00000000e1200000)
  from space 40960K, 34% used [0x00000000e4900000,0x00000000e5699cd8,0x00000000e7100000)
  to   space 48640K, 0% used [0x00000000e1200000,0x00000000e1200000,0x00000000e4180000)
 ParOldGen       total 138752K, used 108800K [0x0000000080000000, 0x0000000088780000, 0x00000000d5580000)
  object space 138752K, 78% used [0x0000000080000000,0x0000000086a40108,0x0000000088780000)
 Metaspace       used 89159K, capacity 94406K, committed 94424K, reserved 1130496K
  class space    used 11540K, capacity 12531K, committed 12544K, reserved 1048576K
}
Event: 3095.321 GC heap before
{Heap before GC invocations=26 (full 3):
 PSYoungGen      total 233984K, used 206951K [0x00000000d5580000, 0x00000000e7100000, 0x0000000100000000)
  eden space 193024K, 100% used [0x00000000d5580000,0x00000000e1200000,0x00000000e1200000)
  from space 40960K, 34% used [0x00000000e4900000,0x00000000e5699cd8,0x00000000e7100000)
  to   space 48640K, 0% used [0x00000000e1200000,0x00000000e1200000,0x00000000e4180000)
 ParOldGen       total 138752K, used 108800K [0x0000000080000000, 0x0000000088780000, 0x00000000d5580000)
  object space 138752K, 78% used [0x0000000080000000,0x0000000086a40108,0x0000000088780000)
 Metaspace       used 89296K, capacity 94728K, committed 95064K, reserved 1132544K
  class space    used 11564K, capacity 12574K, committed 12672K, reserved 1048576K
Event: 3095.337 GC heap after
Heap after GC invocations=26 (full 3):
 PSYoungGen      total 201216K, used 14306K [0x00000000d5580000, 0x00000000e6900000, 0x0000000100000000)
  eden space 186880K, 0% used [0x00000000d5580000,0x00000000d5580000,0x00000000e0c00000)
  from space 14336K, 99% used [0x00000000e1200000,0x00000000e1ff8a80,0x00000000e2000000)
  to   space 47616K, 0% used [0x00000000e3a80000,0x00000000e3a80000,0x00000000e6900000)
 ParOldGen       total 138752K, used 108808K [0x0000000080000000, 0x0000000088780000, 0x00000000d5580000)
  object space 138752K, 78% used [0x0000000080000000,0x0000000086a42108,0x0000000088780000)
 Metaspace       used 89296K, capacity 94728K, committed 95064K, reserved 1132544K
  class space    used 11564K, capacity 12574K, committed 12672K, reserved 1048576K
}
Event: 3098.723 GC heap before
{Heap before GC invocations=27 (full 3):
 PSYoungGen      total 201216K, used 201186K [0x00000000d5580000, 0x00000000e6900000, 0x0000000100000000)
  eden space 186880K, 100% used [0x00000000d5580000,0x00000000e0c00000,0x00000000e0c00000)
  from space 14336K, 99% used [0x00000000e1200000,0x00000000e1ff8a80,0x00000000e2000000)
  to   space 47616K, 0% used [0x00000000e3a80000,0x00000000e3a80000,0x00000000e6900000)
 ParOldGen       total 138752K, used 108808K [0x0000000080000000, 0x0000000088780000, 0x00000000d5580000)
  object space 138752K, 78% used [0x0000000080000000,0x0000000086a42108,0x0000000088780000)
 Metaspace       used 89388K, capacity 94896K, committed 95064K, reserved 1132544K
  class space    used 11579K, capacity 12602K, committed 12672K, reserved 1048576K
Event: 3098.768 GC heap after
Heap after GC invocations=27 (full 3):
 PSYoungGen      total 227328K, used 47601K [0x00000000d5580000, 0x00000000e7100000, 0x0000000100000000)
  eden space 179712K, 0% used [0x00000000d5580000,0x00000000d5580000,0x00000000e0500000)
  from space 47616K, 99% used [0x00000000e3a80000,0x00000000e68fc570,0x00000000e6900000)
  to   space 54784K, 0% used [0x00000000e0500000,0x00000000e0500000,0x00000000e3a80000)
 ParOldGen       total 138752K, used 109688K [0x0000000080000000, 0x0000000088780000, 0x00000000d5580000)
  object space 138752K, 79% used [0x0000000080000000,0x0000000086b1e098,0x0000000088780000)
 Metaspace       used 89388K, capacity 94896K, committed 95064K, reserved 1132544K
  class space    used 11579K, capacity 12602K, committed 12672K, reserved 1048576K
}
Event: 3377.867 GC heap before
{Heap before GC invocations=28 (full 3):
 PSYoungGen      total 227328K, used 227313K [0x00000000d5580000, 0x00000000e7100000, 0x0000000100000000)
  eden space 179712K, 100% used [0x00000000d5580000,0x00000000e0500000,0x00000000e0500000)
  from space 47616K, 99% used [0x00000000e3a80000,0x00000000e68fc570,0x00000000e6900000)
  to   space 54784K, 0% used [0x00000000e0500000,0x00000000e0500000,0x00000000e3a80000)
 ParOldGen       total 138752K, used 109688K [0x0000000080000000, 0x0000000088780000, 0x00000000d5580000)
  object space 138752K, 79% used [0x0000000080000000,0x0000000086b1e098,0x0000000088780000)
 Metaspace       used 89685K, capacity 95570K, committed 95576K, reserved 1132544K
  class space    used 11617K, capacity 12671K, committed 12672K, reserved 1048576K
Event: 3377.895 GC heap after
Heap after GC invocations=28 (full 3):
 PSYoungGen      total 201728K, used 27357K [0x00000000d5580000, 0x00000000e6780000, 0x0000000100000000)
  eden space 174080K, 0% used [0x00000000d5580000,0x00000000d5580000,0x00000000dff80000)
  from space 27648K, 98% used [0x00000000e0500000,0x00000000e1fb76d0,0x00000000e2000000)
  to   space 53248K, 0% used [0x00000000e3380000,0x00000000e3380000,0x00000000e6780000)
 ParOldGen       total 138752K, used 113821K [0x0000000080000000, 0x0000000088780000, 0x00000000d5580000)
  object space 138752K, 82% used [0x0000000080000000,0x0000000086f27770,0x0000000088780000)
 Metaspace       used 89685K, capacity 95570K, committed 95576K, reserved 1132544K
  class space    used 11617K, capacity 12671K, committed 12672K, reserved 1048576K
}
Event: 3381.528 GC heap before
{Heap before GC invocations=29 (full 3):
 PSYoungGen      total 201728K, used 201437K [0x00000000d5580000, 0x00000000e6780000, 0x0000000100000000)
  eden space 174080K, 100% used [0x00000000d5580000,0x00000000dff80000,0x00000000dff80000)
  from space 27648K, 98% used [0x00000000e0500000,0x00000000e1fb76d0,0x00000000e2000000)
  to   space 53248K, 0% used [0x00000000e3380000,0x00000000e3380000,0x00000000e6780000)
 ParOldGen       total 138752K, used 113821K [0x0000000080000000, 0x0000000088780000, 0x00000000d5580000)
  object space 138752K, 82% used [0x0000000080000000,0x0000000086f27770,0x0000000088780000)
 Metaspace       used 89711K, capacity 95574K, committed 95576K, reserved 1132544K
  class space    used 11617K, capacity 12671K, committed 12672K, reserved 1048576K
Event: 3381.546 GC heap after
Heap after GC invocations=29 (full 3):
 PSYoungGen      total 212992K, used 28910K [0x00000000d5580000, 0x00000000e5f00000, 0x0000000100000000)
  eden space 168448K, 0% used [0x00000000d5580000,0x00000000d5580000,0x00000000dfa00000)
  from space 44544K, 64% used [0x00000000e3380000,0x00000000e4fbbb48,0x00000000e5f00000)
  to   space 51712K, 0% used [0x00000000dfa00000,0x00000000dfa00000,0x00000000e2c80000)
 ParOldGen       total 138752K, used 113829K [0x0000000080000000, 0x0000000088780000, 0x00000000d5580000)
  object space 138752K, 82% used [0x0000000080000000,0x0000000086f29770,0x0000000088780000)
 Metaspace       used 89711K, capacity 95574K, committed 95576K, reserved 1132544K
  class space    used 11617K, capacity 12671K, committed 12672K, reserved 1048576K
}

