# JRE version: OpenJDK Runtime Environment (8.0_202-b03) (build 1.8.0_202-release-1483-b03)
# Java VM: OpenJDK 64-Bit Server VM (25.202-b03 mixed mode windows-amd64 compressed oops)
Heap:
 PSYoungGen      total 156672K, used 46616K [0x00000000d5580000, 0x00000000e0700000, 0x0000000100000000)
  eden space 144384K, 23% used [0x00000000d5580000,0x00000000d77065d0,0x00000000de280000)
  from space 12288K, 99% used [0x00000000dfb00000,0x00000000e06ffd20,0x00000000e0700000)
  to   space 14336K, 0% used [0x00000000deb00000,0x00000000deb00000,0x00000000df900000)
 ParOldGen       total 55808K, used 20656K [0x0000000080000000, 0x0000000083680000, 0x00000000d5580000)
  object space 55808K, 37% used [0x0000000080000000,0x000000008142c1f0,0x0000000083680000)
 Metaspace       used 47974K, capacity 49190K, committed 49408K, reserved 1091584K
  class space    used 6465K, capacity 6818K, committed 6912K, reserved 1048576K
GC Heap History (10 events):
Event: 3.865 GC heap before
{Heap before GC invocations=8 (full 1):
 PSYoungGen      total 75264K, used 65536K [0x00000000d5580000, 0x00000000da980000, 0x0000000100000000)
  eden space 65536K, 100% used [0x00000000d5580000,0x00000000d9580000,0x00000000d9580000)
  from space 9728K, 0% used [0x00000000da000000,0x00000000da000000,0x00000000da980000)
  to   space 10240K, 0% used [0x00000000d9580000,0x00000000d9580000,0x00000000d9f80000)
 ParOldGen       total 55808K, used 8602K [0x0000000080000000, 0x0000000083680000, 0x00000000d5580000)
  object space 55808K, 15% used [0x0000000080000000,0x0000000080866ae0,0x0000000083680000)
 Metaspace       used 28929K, capacity 29502K, committed 29824K, reserved 1075200K
  class space    used 3911K, capacity 4100K, committed 4224K, reserved 1048576K
Event: 3.875 GC heap after
Heap after GC invocations=8 (full 1):
 PSYoungGen      total 75776K, used 7994K [0x00000000d5580000, 0x00000000dd700000, 0x0000000100000000)
  eden space 65536K, 0% used [0x00000000d5580000,0x00000000d5580000,0x00000000d9580000)
  from space 10240K, 78% used [0x00000000d9580000,0x00000000d9d4e9a0,0x00000000d9f80000)
  to   space 10752K, 0% used [0x00000000dcc80000,0x00000000dcc80000,0x00000000dd700000)
 ParOldGen       total 55808K, used 8610K [0x0000000080000000, 0x0000000083680000, 0x00000000d5580000)
  object space 55808K, 15% used [0x0000000080000000,0x0000000080868ae0,0x0000000083680000)
 Metaspace       used 28929K, capacity 29502K, committed 29824K, reserved 1075200K
  class space    used 3911K, capacity 4100K, committed 4224K, reserved 1048576K
}
Event: 4.400 GC heap before
{Heap before GC invocations=9 (full 1):
 PSYoungGen      total 75776K, used 73530K [0x00000000d5580000, 0x00000000dd700000, 0x0000000100000000)
  eden space 65536K, 100% used [0x00000000d5580000,0x00000000d9580000,0x00000000d9580000)
  from space 10240K, 78% used [0x00000000d9580000,0x00000000d9d4e9a0,0x00000000d9f80000)
  to   space 10752K, 0% used [0x00000000dcc80000,0x00000000dcc80000,0x00000000dd700000)
 ParOldGen       total 55808K, used 8610K [0x0000000080000000, 0x0000000083680000, 0x00000000d5580000)
  object space 55808K, 15% used [0x0000000080000000,0x0000000080868ae0,0x0000000083680000)
 Metaspace       used 32222K, capacity 32738K, committed 33152K, reserved 1077248K
  class space    used 4444K, capacity 4624K, committed 4736K, reserved 1048576K
Event: 4.411 GC heap after
Heap after GC invocations=9 (full 1):
 PSYoungGen      total 121856K, used 8486K [0x00000000d5580000, 0x00000000dd700000, 0x0000000100000000)
  eden space 111104K, 0% used [0x00000000d5580000,0x00000000d5580000,0x00000000dc200000)
  from space 10752K, 78% used [0x00000000dcc80000,0x00000000dd4c98e8,0x00000000dd700000)
  to   space 10752K, 0% used [0x00000000dc200000,0x00000000dc200000,0x00000000dcc80000)
 ParOldGen       total 55808K, used 8618K [0x0000000080000000, 0x0000000083680000, 0x00000000d5580000)
  object space 55808K, 15% used [0x0000000080000000,0x000000008086aae0,0x0000000083680000)
 Metaspace       used 32222K, capacity 32738K, committed 33152K, reserved 1077248K
  class space    used 4444K, capacity 4624K, committed 4736K, reserved 1048576K
}
Event: 5.029 GC heap before
{Heap before GC invocations=10 (full 1):
 PSYoungGen      total 121856K, used 66941K [0x00000000d5580000, 0x00000000dd700000, 0x0000000100000000)
  eden space 111104K, 52% used [0x00000000d5580000,0x00000000d8e95b60,0x00000000dc200000)
  from space 10752K, 78% used [0x00000000dcc80000,0x00000000dd4c98e8,0x00000000dd700000)
  to   space 10752K, 0% used [0x00000000dc200000,0x00000000dc200000,0x00000000dcc80000)
 ParOldGen       total 55808K, used 8618K [0x0000000080000000, 0x0000000083680000, 0x00000000d5580000)
  object space 55808K, 15% used [0x0000000080000000,0x000000008086aae0,0x0000000083680000)
 Metaspace       used 34650K, capacity 35370K, committed 35496K, reserved 1079296K
  class space    used 4787K, capacity 5003K, committed 5120K, reserved 1048576K
Event: 5.040 GC heap after
Heap after GC invocations=10 (full 1):
 PSYoungGen      total 121856K, used 10733K [0x00000000d5580000, 0x00000000e0700000, 0x0000000100000000)
  eden space 111104K, 0% used [0x00000000d5580000,0x00000000d5580000,0x00000000dc200000)
  from space 10752K, 99% used [0x00000000dc200000,0x00000000dcc7b450,0x00000000dcc80000)
  to   space 12288K, 0% used [0x00000000dfb00000,0x00000000dfb00000,0x00000000e0700000)
 ParOldGen       total 55808K, used 9199K [0x0000000080000000, 0x0000000083680000, 0x00000000d5580000)
  object space 55808K, 16% used [0x0000000080000000,0x00000000808fbe10,0x0000000083680000)
 Metaspace       used 34650K, capacity 35370K, committed 35496K, reserved 1079296K
  class space    used 4787K, capacity 5003K, committed 5120K, reserved 1048576K
}
Event: 5.041 GC heap before
{Heap before GC invocations=11 (full 2):
 PSYoungGen      total 121856K, used 10733K [0x00000000d5580000, 0x00000000e0700000, 0x0000000100000000)
  eden space 111104K, 0% used [0x00000000d5580000,0x00000000d5580000,0x00000000dc200000)
  from space 10752K, 99% used [0x00000000dc200000,0x00000000dcc7b450,0x00000000dcc80000)
  to   space 12288K, 0% used [0x00000000dfb00000,0x00000000dfb00000,0x00000000e0700000)
 ParOldGen       total 55808K, used 9199K [0x0000000080000000, 0x0000000083680000, 0x00000000d5580000)
  object space 55808K, 16% used [0x0000000080000000,0x00000000808fbe10,0x0000000083680000)
 Metaspace       used 34650K, capacity 35370K, committed 35496K, reserved 1079296K
  class space    used 4787K, capacity 5003K, committed 5120K, reserved 1048576K
Event: 5.091 GC heap after
Heap after GC invocations=11 (full 2):
 PSYoungGen      total 121856K, used 0K [0x00000000d5580000, 0x00000000e0700000, 0x0000000100000000)
  eden space 111104K, 0% used [0x00000000d5580000,0x00000000d5580000,0x00000000dc200000)
  from space 10752K, 0% used [0x00000000dc200000,0x00000000dc200000,0x00000000dcc80000)
  to   space 12288K, 0% used [0x00000000dfb00000,0x00000000dfb00000,0x00000000e0700000)
 ParOldGen       total 55808K, used 18195K [0x0000000080000000, 0x0000000083680000, 0x00000000d5580000)
  object space 55808K, 32% used [0x0000000080000000,0x00000000811c4e88,0x0000000083680000)
 Metaspace       used 34624K, capacity 35280K, committed 35496K, reserved 1079296K
  class space    used 4779K, capacity 4988K, committed 5120K, reserved 1048576K
}
Event: 7.166 GC heap before
{Heap before GC invocations=12 (full 2):
 PSYoungGen      total 121856K, used 111104K [0x00000000d5580000, 0x00000000e0700000, 0x0000000100000000)
  eden space 111104K, 100% used [0x00000000d5580000,0x00000000dc200000,0x00000000dc200000)
  from space 10752K, 0% used [0x00000000dc200000,0x00000000dc200000,0x00000000dcc80000)
  to   space 12288K, 0% used [0x00000000dfb00000,0x00000000dfb00000,0x00000000e0700000)
 ParOldGen       total 55808K, used 18195K [0x0000000080000000, 0x0000000083680000, 0x00000000d5580000)
  object space 55808K, 32% used [0x0000000080000000,0x00000000811c4e88,0x0000000083680000)
 Metaspace       used 45427K, capacity 46358K, committed 46720K, reserved 1089536K
  class space    used 6117K, capacity 6418K, committed 6528K, reserved 1048576K
Event: 7.179 GC heap after
Heap after GC invocations=12 (full 2):
 PSYoungGen      total 156672K, used 12287K [0x00000000d5580000, 0x00000000e0700000, 0x0000000100000000)
  eden space 144384K, 0% used [0x00000000d5580000,0x00000000d5580000,0x00000000de280000)
  from space 12288K, 99% used [0x00000000dfb00000,0x00000000e06ffd20,0x00000000e0700000)
  to   space 14336K, 0% used [0x00000000deb00000,0x00000000deb00000,0x00000000df900000)
 ParOldGen       total 55808K, used 20656K [0x0000000080000000, 0x0000000083680000, 0x00000000d5580000)
  object space 55808K, 37% used [0x0000000080000000,0x000000008142c1f0,0x0000000083680000)
 Metaspace       used 45427K, capacity 46358K, committed 46720K, reserved 1089536K
  class space    used 6117K, capacity 6418K, committed 6528K, reserved 1048576K
}

