# JRE version: OpenJDK Runtime Environment (8.0_202-b03) (build 1.8.0_202-release-1483-b03)
# Java VM: OpenJDK 64-Bit Server VM (25.202-b03 mixed mode windows-amd64 compressed oops)
Heap:
 PSYoungGen      total 153600K, used 40957K [0x00000000d5580000, 0x00000000e0780000, 0x0000000100000000)
  eden space 141312K, 20% used [0x00000000d5580000,0x00000000d71826d8,0x00000000ddf80000)
  from space 12288K, 99% used [0x00000000dfb80000,0x00000000e077cfe8,0x00000000e0780000)
  to   space 14336K, 0% used [0x00000000deb80000,0x00000000deb80000,0x00000000df980000)
 ParOldGen       total 86528K, used 20603K [0x0000000080000000, 0x0000000085480000, 0x00000000d5580000)
  object space 86528K, 23% used [0x0000000080000000,0x000000008141eed8,0x0000000085480000)
 Metaspace       used 46630K, capacity 47740K, committed 47872K, reserved 1091584K
  class space    used 6288K, capacity 6631K, committed 6656K, reserved 1048576K
GC Heap History (10 events):
Event: 3.802 GC heap before
{Heap before GC invocations=8 (full 1):
 PSYoungGen      total 75264K, used 65536K [0x00000000d5580000, 0x00000000da980000, 0x0000000100000000)
  eden space 65536K, 100% used [0x00000000d5580000,0x00000000d9580000,0x00000000d9580000)
  from space 9728K, 0% used [0x00000000da000000,0x00000000da000000,0x00000000da980000)
  to   space 10240K, 0% used [0x00000000d9580000,0x00000000d9580000,0x00000000d9f80000)
 ParOldGen       total 55296K, used 8584K [0x0000000080000000, 0x0000000083600000, 0x00000000d5580000)
  object space 55296K, 15% used [0x0000000080000000,0x0000000080862308,0x0000000083600000)
 Metaspace       used 28906K, capacity 29486K, committed 29824K, reserved 1075200K
  class space    used 3904K, capacity 4100K, committed 4224K, reserved 1048576K
Event: 3.813 GC heap after
Heap after GC invocations=8 (full 1):
 PSYoungGen      total 75776K, used 8137K [0x00000000d5580000, 0x00000000dd780000, 0x0000000100000000)
  eden space 65536K, 0% used [0x00000000d5580000,0x00000000d5580000,0x00000000d9580000)
  from space 10240K, 79% used [0x00000000d9580000,0x00000000d9d725b8,0x00000000d9f80000)
  to   space 10752K, 0% used [0x00000000dcd00000,0x00000000dcd00000,0x00000000dd780000)
 ParOldGen       total 55296K, used 8592K [0x0000000080000000, 0x0000000083600000, 0x00000000d5580000)
  object space 55296K, 15% used [0x0000000080000000,0x0000000080864308,0x0000000083600000)
 Metaspace       used 28906K, capacity 29486K, committed 29824K, reserved 1075200K
  class space    used 3904K, capacity 4100K, committed 4224K, reserved 1048576K
}
Event: 4.293 GC heap before
{Heap before GC invocations=9 (full 1):
 PSYoungGen      total 75776K, used 73673K [0x00000000d5580000, 0x00000000dd780000, 0x0000000100000000)
  eden space 65536K, 100% used [0x00000000d5580000,0x00000000d9580000,0x00000000d9580000)
  from space 10240K, 79% used [0x00000000d9580000,0x00000000d9d725b8,0x00000000d9f80000)
  to   space 10752K, 0% used [0x00000000dcd00000,0x00000000dcd00000,0x00000000dd780000)
 ParOldGen       total 55296K, used 8592K [0x0000000080000000, 0x0000000083600000, 0x00000000d5580000)
  object space 55296K, 15% used [0x0000000080000000,0x0000000080864308,0x0000000083600000)
 Metaspace       used 32213K, capacity 32722K, committed 33152K, reserved 1077248K
  class space    used 4441K, capacity 4624K, committed 4736K, reserved 1048576K
Event: 4.301 GC heap after
Heap after GC invocations=9 (full 1):
 PSYoungGen      total 121856K, used 8559K [0x00000000d5580000, 0x00000000dd800000, 0x0000000100000000)
  eden space 111104K, 0% used [0x00000000d5580000,0x00000000d5580000,0x00000000dc200000)
  from space 10752K, 79% used [0x00000000dcd00000,0x00000000dd55bc00,0x00000000dd780000)
  to   space 11264K, 0% used [0x00000000dc200000,0x00000000dc200000,0x00000000dcd00000)
 ParOldGen       total 55296K, used 8600K [0x0000000080000000, 0x0000000083600000, 0x00000000d5580000)
  object space 55296K, 15% used [0x0000000080000000,0x0000000080866308,0x0000000083600000)
 Metaspace       used 32213K, capacity 32722K, committed 33152K, reserved 1077248K
  class space    used 4441K, capacity 4624K, committed 4736K, reserved 1048576K
}
Event: 4.830 GC heap before
{Heap before GC invocations=10 (full 1):
 PSYoungGen      total 121856K, used 67597K [0x00000000d5580000, 0x00000000dd800000, 0x0000000100000000)
  eden space 111104K, 53% used [0x00000000d5580000,0x00000000d8f27950,0x00000000dc200000)
  from space 10752K, 79% used [0x00000000dcd00000,0x00000000dd55bc00,0x00000000dd780000)
  to   space 11264K, 0% used [0x00000000dc200000,0x00000000dc200000,0x00000000dcd00000)
 ParOldGen       total 55296K, used 8600K [0x0000000080000000, 0x0000000083600000, 0x00000000d5580000)
  object space 55296K, 15% used [0x0000000080000000,0x0000000080866308,0x0000000083600000)
 Metaspace       used 34636K, capacity 35358K, committed 35496K, reserved 1079296K
  class space    used 4782K, capacity 5003K, committed 5120K, reserved 1048576K
Event: 4.843 GC heap after
Heap after GC invocations=10 (full 1):
 PSYoungGen      total 122368K, used 11237K [0x00000000d5580000, 0x00000000e0780000, 0x0000000100000000)
  eden space 111104K, 0% used [0x00000000d5580000,0x00000000d5580000,0x00000000dc200000)
  from space 11264K, 99% used [0x00000000dc200000,0x00000000dccf9688,0x00000000dcd00000)
  to   space 12288K, 0% used [0x00000000dfb80000,0x00000000dfb80000,0x00000000e0780000)
 ParOldGen       total 55296K, used 8621K [0x0000000080000000, 0x0000000083600000, 0x00000000d5580000)
  object space 55296K, 15% used [0x0000000080000000,0x000000008086b420,0x0000000083600000)
 Metaspace       used 34636K, capacity 35358K, committed 35496K, reserved 1079296K
  class space    used 4782K, capacity 5003K, committed 5120K, reserved 1048576K
}
Event: 4.843 GC heap before
{Heap before GC invocations=11 (full 2):
 PSYoungGen      total 122368K, used 11237K [0x00000000d5580000, 0x00000000e0780000, 0x0000000100000000)
  eden space 111104K, 0% used [0x00000000d5580000,0x00000000d5580000,0x00000000dc200000)
  from space 11264K, 99% used [0x00000000dc200000,0x00000000dccf9688,0x00000000dcd00000)
  to   space 12288K, 0% used [0x00000000dfb80000,0x00000000dfb80000,0x00000000e0780000)
 ParOldGen       total 55296K, used 8621K [0x0000000080000000, 0x0000000083600000, 0x00000000d5580000)
  object space 55296K, 15% used [0x0000000080000000,0x000000008086b420,0x0000000083600000)
 Metaspace       used 34636K, capacity 35358K, committed 35496K, reserved 1079296K
  class space    used 4782K, capacity 5003K, committed 5120K, reserved 1048576K
Event: 4.912 GC heap after
Heap after GC invocations=11 (full 2):
 PSYoungGen      total 122368K, used 0K [0x00000000d5580000, 0x00000000e0780000, 0x0000000100000000)
  eden space 111104K, 0% used [0x00000000d5580000,0x00000000d5580000,0x00000000dc200000)
  from space 11264K, 0% used [0x00000000dc200000,0x00000000dc200000,0x00000000dcd00000)
  to   space 12288K, 0% used [0x00000000dfb80000,0x00000000dfb80000,0x00000000e0780000)
 ParOldGen       total 86528K, used 18141K [0x0000000080000000, 0x0000000085480000, 0x00000000d5580000)
  object space 86528K, 20% used [0x0000000080000000,0x00000000811b74e8,0x0000000085480000)
 Metaspace       used 34609K, capacity 35268K, committed 35496K, reserved 1079296K
  class space    used 4774K, capacity 4988K, committed 5120K, reserved 1048576K
}
Event: 5.947 GC heap before
{Heap before GC invocations=12 (full 2):
 PSYoungGen      total 122368K, used 111104K [0x00000000d5580000, 0x00000000e0780000, 0x0000000100000000)
  eden space 111104K, 100% used [0x00000000d5580000,0x00000000dc200000,0x00000000dc200000)
  from space 11264K, 0% used [0x00000000dc200000,0x00000000dc200000,0x00000000dcd00000)
  to   space 12288K, 0% used [0x00000000dfb80000,0x00000000dfb80000,0x00000000e0780000)
 ParOldGen       total 86528K, used 18141K [0x0000000080000000, 0x0000000085480000, 0x00000000d5580000)
  object space 86528K, 20% used [0x0000000080000000,0x00000000811b74e8,0x0000000085480000)
 Metaspace       used 45386K, capacity 46314K, committed 46592K, reserved 1089536K
  class space    used 6105K, capacity 6386K, committed 6400K, reserved 1048576K
Event: 5.961 GC heap after
Heap after GC invocations=12 (full 2):
 PSYoungGen      total 153600K, used 12275K [0x00000000d5580000, 0x00000000e0780000, 0x0000000100000000)
  eden space 141312K, 0% used [0x00000000d5580000,0x00000000d5580000,0x00000000ddf80000)
  from space 12288K, 99% used [0x00000000dfb80000,0x00000000e077cfe8,0x00000000e0780000)
  to   space 14336K, 0% used [0x00000000deb80000,0x00000000deb80000,0x00000000df980000)
 ParOldGen       total 86528K, used 20603K [0x0000000080000000, 0x0000000085480000, 0x00000000d5580000)
  object space 86528K, 23% used [0x0000000080000000,0x000000008141eed8,0x0000000085480000)
 Metaspace       used 45386K, capacity 46314K, committed 46592K, reserved 1089536K
  class space    used 6105K, capacity 6386K, committed 6400K, reserved 1048576K
}

