# JRE version: OpenJDK Runtime Environment (8.0_202-b03) (build 1.8.0_202-release-1483-b03)
# Java VM: OpenJDK 64-Bit Server VM (25.202-b03 mixed mode windows-amd64 compressed oops)
Heap:
 PSYoungGen      total 145408K, used 68061K [0x00000000d5580000, 0x00000000e1200000, 0x0000000100000000)
  eden space 128000K, 39% used [0x00000000d5580000,0x00000000d86fb628,0x00000000dd280000)
  from space 17408K, 99% used [0x00000000dd280000,0x00000000de37c1b8,0x00000000de380000)
  to   space 24064K, 0% used [0x00000000dfa80000,0x00000000dfa80000,0x00000000e1200000)
 ParOldGen       total 87552K, used 46699K [0x0000000080000000, 0x0000000085580000, 0x00000000d5580000)
  object space 87552K, 53% used [0x0000000080000000,0x0000000082d9ac28,0x0000000085580000)
 Metaspace       used 62686K, capacity 65070K, committed 65408K, reserved 1105920K
  class space    used 8472K, capacity 8991K, committed 9088K, reserved 1048576K
GC Heap History (10 events):
Event: 7.129 GC heap before
{Heap before GC invocations=14 (full 2):
 PSYoungGen      total 101888K, used 101861K [0x00000000d5580000, 0x00000000ddc00000, 0x0000000100000000)
  eden space 89088K, 100% used [0x00000000d5580000,0x00000000dac80000,0x00000000dac80000)
  from space 12800K, 99% used [0x00000000dac80000,0x00000000db8f9788,0x00000000db900000)
  to   space 14848K, 0% used [0x00000000dcd80000,0x00000000dcd80000,0x00000000ddc00000)
 ParOldGen       total 87552K, used 19097K [0x0000000080000000, 0x0000000085580000, 0x00000000d5580000)
  object space 87552K, 21% used [0x0000000080000000,0x00000000812a64d8,0x0000000085580000)
 Metaspace       used 54173K, capacity 55642K, committed 55936K, reserved 1097728K
  class space    used 7332K, capacity 7769K, committed 7808K, reserved 1048576K
Event: 7.148 GC heap after
Heap after GC invocations=14 (full 2):
 PSYoungGen      total 119296K, used 14846K [0x00000000d5580000, 0x00000000de980000, 0x0000000100000000)
  eden space 104448K, 0% used [0x00000000d5580000,0x00000000d5580000,0x00000000dbb80000)
  from space 14848K, 99% used [0x00000000dcd80000,0x00000000ddbff898,0x00000000ddc00000)
  to   space 18432K, 0% used [0x00000000dbb80000,0x00000000dbb80000,0x00000000dcd80000)
 ParOldGen       total 87552K, used 23568K [0x0000000080000000, 0x0000000085580000, 0x00000000d5580000)
  object space 87552K, 26% used [0x0000000080000000,0x0000000081704280,0x0000000085580000)
 Metaspace       used 54173K, capacity 55642K, committed 55936K, reserved 1097728K
  class space    used 7332K, capacity 7769K, committed 7808K, reserved 1048576K
}
Event: 7.862 GC heap before
{Heap before GC invocations=15 (full 2):
 PSYoungGen      total 119296K, used 68802K [0x00000000d5580000, 0x00000000de980000, 0x0000000100000000)
  eden space 104448K, 51% used [0x00000000d5580000,0x00000000d8a312c8,0x00000000dbb80000)
  from space 14848K, 99% used [0x00000000dcd80000,0x00000000ddbff898,0x00000000ddc00000)
  to   space 18432K, 0% used [0x00000000dbb80000,0x00000000dbb80000,0x00000000dcd80000)
 ParOldGen       total 87552K, used 23568K [0x0000000080000000, 0x0000000085580000, 0x00000000d5580000)
  object space 87552K, 26% used [0x0000000080000000,0x0000000081704280,0x0000000085580000)
 Metaspace       used 57515K, capacity 59074K, committed 59160K, reserved 1099776K
  class space    used 7806K, capacity 8261K, committed 8320K, reserved 1048576K
Event: 7.875 GC heap after
Heap after GC invocations=15 (full 2):
 PSYoungGen      total 122880K, used 5219K [0x00000000d5580000, 0x00000000dfc00000, 0x0000000100000000)
  eden space 104448K, 0% used [0x00000000d5580000,0x00000000d5580000,0x00000000dbb80000)
  from space 18432K, 28% used [0x00000000dbb80000,0x00000000dc098f08,0x00000000dcd80000)
  to   space 17920K, 0% used [0x00000000dea80000,0x00000000dea80000,0x00000000dfc00000)
 ParOldGen       total 87552K, used 33861K [0x0000000080000000, 0x0000000085580000, 0x00000000d5580000)
  object space 87552K, 38% used [0x0000000080000000,0x0000000082111498,0x0000000085580000)
 Metaspace       used 57515K, capacity 59074K, committed 59160K, reserved 1099776K
  class space    used 7806K, capacity 8261K, committed 8320K, reserved 1048576K
}
Event: 7.875 GC heap before
{Heap before GC invocations=16 (full 3):
 PSYoungGen      total 122880K, used 5219K [0x00000000d5580000, 0x00000000dfc00000, 0x0000000100000000)
  eden space 104448K, 0% used [0x00000000d5580000,0x00000000d5580000,0x00000000dbb80000)
  from space 18432K, 28% used [0x00000000dbb80000,0x00000000dc098f08,0x00000000dcd80000)
  to   space 17920K, 0% used [0x00000000dea80000,0x00000000dea80000,0x00000000dfc00000)
 ParOldGen       total 87552K, used 33861K [0x0000000080000000, 0x0000000085580000, 0x00000000d5580000)
  object space 87552K, 38% used [0x0000000080000000,0x0000000082111498,0x0000000085580000)
 Metaspace       used 57515K, capacity 59074K, committed 59160K, reserved 1099776K
  class space    used 7806K, capacity 8261K, committed 8320K, reserved 1048576K
Event: 8.094 GC heap after
Heap after GC invocations=16 (full 3):
 PSYoungGen      total 122880K, used 0K [0x00000000d5580000, 0x00000000dfc00000, 0x0000000100000000)
  eden space 104448K, 0% used [0x00000000d5580000,0x00000000d5580000,0x00000000dbb80000)
  from space 18432K, 0% used [0x00000000dbb80000,0x00000000dbb80000,0x00000000dcd80000)
  to   space 17920K, 0% used [0x00000000dea80000,0x00000000dea80000,0x00000000dfc00000)
 ParOldGen       total 87552K, used 34721K [0x0000000080000000, 0x0000000085580000, 0x00000000d5580000)
  object space 87552K, 39% used [0x0000000080000000,0x00000000821e87a8,0x0000000085580000)
 Metaspace       used 57515K, capacity 59074K, committed 59160K, reserved 1099776K
  class space    used 7806K, capacity 8261K, committed 8320K, reserved 1048576K
}
Event: 9.633 GC heap before
{Heap before GC invocations=17 (full 3):
 PSYoungGen      total 122880K, used 104448K [0x00000000d5580000, 0x00000000dfc00000, 0x0000000100000000)
  eden space 104448K, 100% used [0x00000000d5580000,0x00000000dbb80000,0x00000000dbb80000)
  from space 18432K, 0% used [0x00000000dbb80000,0x00000000dbb80000,0x00000000dcd80000)
  to   space 17920K, 0% used [0x00000000dea80000,0x00000000dea80000,0x00000000dfc00000)
 ParOldGen       total 87552K, used 34721K [0x0000000080000000, 0x0000000085580000, 0x00000000d5580000)
  object space 87552K, 39% used [0x0000000080000000,0x00000000821e87a8,0x0000000085580000)
 Metaspace       used 59795K, capacity 62062K, committed 62208K, reserved 1103872K
  class space    used 8130K, capacity 8685K, committed 8704K, reserved 1048576K
Event: 9.643 GC heap after
Heap after GC invocations=17 (full 3):
 PSYoungGen      total 133632K, used 10109K [0x00000000d5580000, 0x00000000df480000, 0x0000000100000000)
  eden space 123392K, 0% used [0x00000000d5580000,0x00000000d5580000,0x00000000dce00000)
  from space 10240K, 98% used [0x00000000dea80000,0x00000000df45f408,0x00000000df480000)
  to   space 17408K, 0% used [0x00000000dd280000,0x00000000dd280000,0x00000000de380000)
 ParOldGen       total 87552K, used 34729K [0x0000000080000000, 0x0000000085580000, 0x00000000d5580000)
  object space 87552K, 39% used [0x0000000080000000,0x00000000821ea7a8,0x0000000085580000)
 Metaspace       used 59795K, capacity 62062K, committed 62208K, reserved 1103872K
  class space    used 8130K, capacity 8685K, committed 8704K, reserved 1048576K
}
Event: 12.273 GC heap before
{Heap before GC invocations=18 (full 3):
 PSYoungGen      total 133632K, used 133501K [0x00000000d5580000, 0x00000000df480000, 0x0000000100000000)
  eden space 123392K, 100% used [0x00000000d5580000,0x00000000dce00000,0x00000000dce00000)
  from space 10240K, 98% used [0x00000000dea80000,0x00000000df45f408,0x00000000df480000)
  to   space 17408K, 0% used [0x00000000dd280000,0x00000000dd280000,0x00000000de380000)
 ParOldGen       total 87552K, used 34729K [0x0000000080000000, 0x0000000085580000, 0x00000000d5580000)
  object space 87552K, 39% used [0x0000000080000000,0x00000000821ea7a8,0x0000000085580000)
 Metaspace       used 62106K, capacity 64416K, committed 64640K, reserved 1105920K
  class space    used 8412K, capacity 8978K, committed 9088K, reserved 1048576K
Event: 12.302 GC heap after
Heap after GC invocations=18 (full 3):
 PSYoungGen      total 145408K, used 17392K [0x00000000d5580000, 0x00000000e1200000, 0x0000000100000000)
  eden space 128000K, 0% used [0x00000000d5580000,0x00000000d5580000,0x00000000dd280000)
  from space 17408K, 99% used [0x00000000dd280000,0x00000000de37c1b8,0x00000000de380000)
  to   space 24064K, 0% used [0x00000000dfa80000,0x00000000dfa80000,0x00000000e1200000)
 ParOldGen       total 87552K, used 46699K [0x0000000080000000, 0x0000000085580000, 0x00000000d5580000)
  object space 87552K, 53% used [0x0000000080000000,0x0000000082d9ac28,0x0000000085580000)
 Metaspace       used 62106K, capacity 64416K, committed 64640K, reserved 1105920K
  class space    used 8412K, capacity 8978K, committed 9088K, reserved 1048576K
}

