# JRE version: OpenJDK Runtime Environment (8.0_202-b03) (build 1.8.0_202-release-1483-b03)
# Java VM: OpenJDK 64-Bit Server VM (25.202-b03 mixed mode windows-amd64 compressed oops)
Heap:
 PSYoungGen      total 303616K, used 153574K [0x00000000d5580000, 0x00000000ecf80000, 0x0000000100000000)
  eden space 256000K, 43% used [0x00000000d5580000,0x00000000dc32d5c8,0x00000000e4f80000)
  from space 47616K, 86% used [0x00000000e8280000,0x00000000eaacc320,0x00000000eb100000)
  to   space 52224K, 0% used [0x00000000e4f80000,0x00000000e4f80000,0x00000000e8280000)
 ParOldGen       total 133120K, used 62215K [0x0000000080000000, 0x0000000088200000, 0x00000000d5580000)
  object space 133120K, 46% used [0x0000000080000000,0x0000000083cc1ed8,0x0000000088200000)
 Metaspace       used 87146K, capacity 91330K, committed 91520K, reserved 1128448K
  class space    used 11316K, capacity 12155K, committed 12160K, reserved 1048576K
GC Heap History (10 events):
Event: 99.674 GC heap before
{Heap before GC invocations=21 (full 3):
 PSYoungGen      total 264192K, used 264046K [0x00000000d5580000, 0x00000000e9300000, 0x0000000100000000)
  eden space 232960K, 100% used [0x00000000d5580000,0x00000000e3900000,0x00000000e3900000)
  from space 31232K, 99% used [0x00000000e3900000,0x00000000e575bb88,0x00000000e5780000)
  to   space 35840K, 0% used [0x00000000e7000000,0x00000000e7000000,0x00000000e9300000)
 ParOldGen       total 133120K, used 62175K [0x0000000080000000, 0x0000000088200000, 0x00000000d5580000)
  object space 133120K, 46% used [0x0000000080000000,0x0000000083cb7ed8,0x0000000088200000)
 Metaspace       used 85038K, capacity 88954K, committed 89088K, reserved 1126400K
  class space    used 11248K, capacity 12031K, committed 12032K, reserved 1048576K
Event: 99.716 GC heap after
Heap after GC invocations=21 (full 3):
 PSYoungGen      total 285696K, used 30280K [0x00000000d5580000, 0x00000000e9f00000, 0x0000000100000000)
  eden space 249856K, 0% used [0x00000000d5580000,0x00000000d5580000,0x00000000e4980000)
  from space 35840K, 84% used [0x00000000e7000000,0x00000000e8d923f0,0x00000000e9300000)
  to   space 39424K, 0% used [0x00000000e4980000,0x00000000e4980000,0x00000000e7000000)
 ParOldGen       total 133120K, used 62183K [0x0000000080000000, 0x0000000088200000, 0x00000000d5580000)
  object space 133120K, 46% used [0x0000000080000000,0x0000000083cb9ed8,0x0000000088200000)
 Metaspace       used 85038K, capacity 88954K, committed 89088K, reserved 1126400K
  class space    used 11248K, capacity 12031K, committed 12032K, reserved 1048576K
}
Event: 105.815 GC heap before
{Heap before GC invocations=22 (full 3):
 PSYoungGen      total 285696K, used 280136K [0x00000000d5580000, 0x00000000e9f00000, 0x0000000100000000)
  eden space 249856K, 100% used [0x00000000d5580000,0x00000000e4980000,0x00000000e4980000)
  from space 35840K, 84% used [0x00000000e7000000,0x00000000e8d923f0,0x00000000e9300000)
  to   space 39424K, 0% used [0x00000000e4980000,0x00000000e4980000,0x00000000e7000000)
 ParOldGen       total 133120K, used 62183K [0x0000000080000000, 0x0000000088200000, 0x00000000d5580000)
  object space 133120K, 46% used [0x0000000080000000,0x0000000083cb9ed8,0x0000000088200000)
 Metaspace       used 85624K, capacity 89528K, committed 89728K, reserved 1126400K
  class space    used 11252K, capacity 12036K, committed 12160K, reserved 1048576K
Event: 105.859 GC heap after
Heap after GC invocations=22 (full 3):
 PSYoungGen      total 289280K, used 36038K [0x00000000d5580000, 0x00000000eb880000, 0x0000000100000000)
  eden space 249856K, 0% used [0x00000000d5580000,0x00000000d5580000,0x00000000e4980000)
  from space 39424K, 91% used [0x00000000e4980000,0x00000000e6cb19e8,0x00000000e7000000)
  to   space 44032K, 0% used [0x00000000e8d80000,0x00000000e8d80000,0x00000000eb880000)
 ParOldGen       total 133120K, used 62191K [0x0000000080000000, 0x0000000088200000, 0x00000000d5580000)
  object space 133120K, 46% used [0x0000000080000000,0x0000000083cbbed8,0x0000000088200000)
 Metaspace       used 85624K, capacity 89528K, committed 89728K, reserved 1126400K
  class space    used 11252K, capacity 12036K, committed 12160K, reserved 1048576K
}
Event: 349.993 GC heap before
{Heap before GC invocations=23 (full 3):
 PSYoungGen      total 289280K, used 285894K [0x00000000d5580000, 0x00000000eb880000, 0x0000000100000000)
  eden space 249856K, 100% used [0x00000000d5580000,0x00000000e4980000,0x00000000e4980000)
  from space 39424K, 91% used [0x00000000e4980000,0x00000000e6cb19e8,0x00000000e7000000)
  to   space 44032K, 0% used [0x00000000e8d80000,0x00000000e8d80000,0x00000000eb880000)
 ParOldGen       total 133120K, used 62191K [0x0000000080000000, 0x0000000088200000, 0x00000000d5580000)
  object space 133120K, 46% used [0x0000000080000000,0x0000000083cbbed8,0x0000000088200000)
 Metaspace       used 86127K, capacity 90026K, committed 90240K, reserved 1128448K
  class space    used 11270K, capacity 12063K, committed 12160K, reserved 1048576K
Event: 350.039 GC heap after
Heap after GC invocations=23 (full 3):
 PSYoungGen      total 313344K, used 30472K [0x00000000d5580000, 0x00000000eb780000, 0x0000000100000000)
  eden space 270336K, 0% used [0x00000000d5580000,0x00000000d5580000,0x00000000e5d80000)
  from space 43008K, 70% used [0x00000000e8d80000,0x00000000eab422d8,0x00000000eb780000)
  to   space 46080K, 0% used [0x00000000e5d80000,0x00000000e5d80000,0x00000000e8a80000)
 ParOldGen       total 133120K, used 62199K [0x0000000080000000, 0x0000000088200000, 0x00000000d5580000)
  object space 133120K, 46% used [0x0000000080000000,0x0000000083cbded8,0x0000000088200000)
 Metaspace       used 86127K, capacity 90026K, committed 90240K, reserved 1128448K
  class space    used 11270K, capacity 12063K, committed 12160K, reserved 1048576K
}
Event: 405.828 GC heap before
{Heap before GC invocations=24 (full 3):
 PSYoungGen      total 313344K, used 300808K [0x00000000d5580000, 0x00000000eb780000, 0x0000000100000000)
  eden space 270336K, 100% used [0x00000000d5580000,0x00000000e5d80000,0x00000000e5d80000)
  from space 43008K, 70% used [0x00000000e8d80000,0x00000000eab422d8,0x00000000eb780000)
  to   space 46080K, 0% used [0x00000000e5d80000,0x00000000e5d80000,0x00000000e8a80000)
 ParOldGen       total 133120K, used 62199K [0x0000000080000000, 0x0000000088200000, 0x00000000d5580000)
  object space 133120K, 46% used [0x0000000080000000,0x0000000083cbded8,0x0000000088200000)
 Metaspace       used 86768K, capacity 90898K, committed 91008K, reserved 1128448K
  class space    used 11303K, capacity 12137K, committed 12160K, reserved 1048576K
Event: 405.862 GC heap after
Heap after GC invocations=24 (full 3):
 PSYoungGen      total 292352K, used 31719K [0x00000000d5580000, 0x00000000eb100000, 0x0000000100000000)
  eden space 260608K, 0% used [0x00000000d5580000,0x00000000d5580000,0x00000000e5400000)
  from space 31744K, 99% used [0x00000000e5d80000,0x00000000e7c79e70,0x00000000e7c80000)
  to   space 47616K, 0% used [0x00000000e8280000,0x00000000e8280000,0x00000000eb100000)
 ParOldGen       total 133120K, used 62207K [0x0000000080000000, 0x0000000088200000, 0x00000000d5580000)
  object space 133120K, 46% used [0x0000000080000000,0x0000000083cbfed8,0x0000000088200000)
 Metaspace       used 86768K, capacity 90898K, committed 91008K, reserved 1128448K
  class space    used 11303K, capacity 12137K, committed 12160K, reserved 1048576K
}
Event: 408.328 GC heap before
{Heap before GC invocations=25 (full 3):
 PSYoungGen      total 292352K, used 292327K [0x00000000d5580000, 0x00000000eb100000, 0x0000000100000000)
  eden space 260608K, 100% used [0x00000000d5580000,0x00000000e5400000,0x00000000e5400000)
  from space 31744K, 99% used [0x00000000e5d80000,0x00000000e7c79e70,0x00000000e7c80000)
  to   space 47616K, 0% used [0x00000000e8280000,0x00000000e8280000,0x00000000eb100000)
 ParOldGen       total 133120K, used 62207K [0x0000000080000000, 0x0000000088200000, 0x00000000d5580000)
  object space 133120K, 46% used [0x0000000080000000,0x0000000083cbfed8,0x0000000088200000)
 Metaspace       used 86917K, capacity 91016K, committed 91264K, reserved 1128448K
  class space    used 11309K, capacity 12144K, committed 12160K, reserved 1048576K
Event: 408.364 GC heap after
Heap after GC invocations=25 (full 3):
 PSYoungGen      total 303616K, used 41264K [0x00000000d5580000, 0x00000000ecf80000, 0x0000000100000000)
  eden space 256000K, 0% used [0x00000000d5580000,0x00000000d5580000,0x00000000e4f80000)
  from space 47616K, 86% used [0x00000000e8280000,0x00000000eaacc320,0x00000000eb100000)
  to   space 52224K, 0% used [0x00000000e4f80000,0x00000000e4f80000,0x00000000e8280000)
 ParOldGen       total 133120K, used 62215K [0x0000000080000000, 0x0000000088200000, 0x00000000d5580000)
  object space 133120K, 46% used [0x0000000080000000,0x0000000083cc1ed8,0x0000000088200000)
 Metaspace       used 86917K, capacity 91016K, committed 91264K, reserved 1128448K
  class space    used 11309K, capacity 12144K, committed 12160K, reserved 1048576K
}

