# JRE version: OpenJDK Runtime Environment (8.0_202-b03) (build 1.8.0_202-release-1483-b03)
# Java VM: OpenJDK 64-Bit Server VM (25.202-b03 mixed mode windows-amd64 compressed oops)
Heap:
 PSYoungGen      total 214016K, used 29185K [0x00000000d5580000, 0x00000000e5780000, 0x0000000100000000)
  eden space 176640K, 8% used [0x00000000d5580000,0x00000000d6367a88,0x00000000e0200000)
  from space 37376K, 39% used [0x00000000e0200000,0x00000000e1098a68,0x00000000e2680000)
  to   space 35840K, 0% used [0x00000000e3480000,0x00000000e3480000,0x00000000e5780000)
 ParOldGen       total 169984K, used 50125K [0x0000000080000000, 0x000000008a600000, 0x00000000d5580000)
  object space 169984K, 29% used [0x0000000080000000,0x00000000830f3760,0x000000008a600000)
 Metaspace       used 91678K, capacity 97622K, committed 98636K, reserved 1134592K
  class space    used 11663K, capacity 12741K, committed 13056K, reserved 1048576K
GC Heap History (10 events):
Event: 4328.320 GC heap before
{Heap before GC invocations=47 (full 4):
 PSYoungGen      total 195584K, used 165986K [0x00000000d5580000, 0x00000000e3e80000, 0x0000000100000000)
  eden space 152064K, 100% used [0x00000000d5580000,0x00000000dea00000,0x00000000dea00000)
  from space 43520K, 31% used [0x00000000e1400000,0x00000000e2198b80,0x00000000e3e80000)
  to   space 43008K, 0% used [0x00000000dea00000,0x00000000dea00000,0x00000000e1400000)
 ParOldGen       total 169984K, used 50085K [0x0000000080000000, 0x000000008a600000, 0x00000000d5580000)
  object space 169984K, 29% used [0x0000000080000000,0x00000000830e9760,0x000000008a600000)
 Metaspace       used 91454K, capacity 97388K, committed 98636K, reserved 1134592K
  class space    used 11651K, capacity 12724K, committed 13056K, reserved 1048576K
Event: 4328.337 GC heap after
Heap after GC invocations=47 (full 4):
 PSYoungGen      total 195072K, used 11472K [0x00000000d5580000, 0x00000000e4700000, 0x0000000100000000)
  eden space 152064K, 0% used [0x00000000d5580000,0x00000000d5580000,0x00000000dea00000)
  from space 43008K, 26% used [0x00000000dea00000,0x00000000df534158,0x00000000e1400000)
  to   space 41984K, 0% used [0x00000000e1e00000,0x00000000e1e00000,0x00000000e4700000)
 ParOldGen       total 169984K, used 50093K [0x0000000080000000, 0x000000008a600000, 0x00000000d5580000)
  object space 169984K, 29% used [0x0000000080000000,0x00000000830eb760,0x000000008a600000)
 Metaspace       used 91454K, capacity 97388K, committed 98636K, reserved 1134592K
  class space    used 11651K, capacity 12724K, committed 13056K, reserved 1048576K
}
Event: 4329.159 GC heap before
{Heap before GC invocations=48 (full 4):
 PSYoungGen      total 195072K, used 163341K [0x00000000d5580000, 0x00000000e4700000, 0x0000000100000000)
  eden space 152064K, 99% used [0x00000000d5580000,0x00000000de9cf6a0,0x00000000dea00000)
  from space 43008K, 26% used [0x00000000dea00000,0x00000000df534158,0x00000000e1400000)
  to   space 41984K, 0% used [0x00000000e1e00000,0x00000000e1e00000,0x00000000e4700000)
 ParOldGen       total 169984K, used 50093K [0x0000000080000000, 0x000000008a600000, 0x00000000d5580000)
  object space 169984K, 29% used [0x0000000080000000,0x00000000830eb760,0x000000008a600000)
 Metaspace       used 91482K, capacity 97458K, committed 98636K, reserved 1134592K
  class space    used 11652K, capacity 12725K, committed 13056K, reserved 1048576K
Event: 4329.178 GC heap after
Heap after GC invocations=48 (full 4):
 PSYoungGen      total 206336K, used 14674K [0x00000000d5580000, 0x00000000e4600000, 0x0000000100000000)
  eden space 165376K, 0% used [0x00000000d5580000,0x00000000d5580000,0x00000000df700000)
  from space 40960K, 35% used [0x00000000e1e00000,0x00000000e2c54ba0,0x00000000e4600000)
  to   space 39936K, 0% used [0x00000000df700000,0x00000000df700000,0x00000000e1e00000)
 ParOldGen       total 169984K, used 50101K [0x0000000080000000, 0x000000008a600000, 0x00000000d5580000)
  object space 169984K, 29% used [0x0000000080000000,0x00000000830ed760,0x000000008a600000)
 Metaspace       used 91482K, capacity 97458K, committed 98636K, reserved 1134592K
  class space    used 11652K, capacity 12725K, committed 13056K, reserved 1048576K
}
Event: 4375.086 GC heap before
{Heap before GC invocations=49 (full 4):
 PSYoungGen      total 206336K, used 180050K [0x00000000d5580000, 0x00000000e4600000, 0x0000000100000000)
  eden space 165376K, 100% used [0x00000000d5580000,0x00000000df700000,0x00000000df700000)
  from space 40960K, 35% used [0x00000000e1e00000,0x00000000e2c54ba0,0x00000000e4600000)
  to   space 39936K, 0% used [0x00000000df700000,0x00000000df700000,0x00000000e1e00000)
 ParOldGen       total 169984K, used 50101K [0x0000000080000000, 0x000000008a600000, 0x00000000d5580000)
  object space 169984K, 29% used [0x0000000080000000,0x00000000830ed760,0x000000008a600000)
 Metaspace       used 91535K, capacity 97532K, committed 98636K, reserved 1134592K
  class space    used 11653K, capacity 12726K, committed 13056K, reserved 1048576K
Event: 4375.104 GC heap after
Heap after GC invocations=49 (full 4):
 PSYoungGen      total 205312K, used 19822K [0x00000000d5580000, 0x00000000e4f00000, 0x0000000100000000)
  eden space 165376K, 0% used [0x00000000d5580000,0x00000000d5580000,0x00000000df700000)
  from space 39936K, 49% used [0x00000000df700000,0x00000000e0a5ba20,0x00000000e1e00000)
  to   space 38400K, 0% used [0x00000000e2980000,0x00000000e2980000,0x00000000e4f00000)
 ParOldGen       total 169984K, used 50109K [0x0000000080000000, 0x000000008a600000, 0x00000000d5580000)
  object space 169984K, 29% used [0x0000000080000000,0x00000000830ef760,0x000000008a600000)
 Metaspace       used 91535K, capacity 97532K, committed 98636K, reserved 1134592K
  class space    used 11653K, capacity 12726K, committed 13056K, reserved 1048576K
}
Event: 4385.827 GC heap before
{Heap before GC invocations=50 (full 4):
 PSYoungGen      total 205312K, used 185198K [0x00000000d5580000, 0x00000000e4f00000, 0x0000000100000000)
  eden space 165376K, 100% used [0x00000000d5580000,0x00000000df700000,0x00000000df700000)
  from space 39936K, 49% used [0x00000000df700000,0x00000000e0a5ba20,0x00000000e1e00000)
  to   space 38400K, 0% used [0x00000000e2980000,0x00000000e2980000,0x00000000e4f00000)
 ParOldGen       total 169984K, used 50109K [0x0000000080000000, 0x000000008a600000, 0x00000000d5580000)
  object space 169984K, 29% used [0x0000000080000000,0x00000000830ef760,0x000000008a600000)
 Metaspace       used 91645K, capacity 97586K, committed 98636K, reserved 1134592K
  class space    used 11660K, capacity 12735K, committed 13056K, reserved 1048576K
Event: 4385.844 GC heap after
Heap after GC invocations=50 (full 4):
 PSYoungGen      total 210944K, used 11968K [0x00000000d5580000, 0x00000000e4b00000, 0x0000000100000000)
  eden space 176640K, 0% used [0x00000000d5580000,0x00000000d5580000,0x00000000e0200000)
  from space 34304K, 34% used [0x00000000e2980000,0x00000000e3530070,0x00000000e4b00000)
  to   space 37376K, 0% used [0x00000000e0200000,0x00000000e0200000,0x00000000e2680000)
 ParOldGen       total 169984K, used 50117K [0x0000000080000000, 0x000000008a600000, 0x00000000d5580000)
  object space 169984K, 29% used [0x0000000080000000,0x00000000830f1760,0x000000008a600000)
 Metaspace       used 91645K, capacity 97586K, committed 98636K, reserved 1134592K
  class space    used 11660K, capacity 12735K, committed 13056K, reserved 1048576K
}
Event: 4386.577 GC heap before
{Heap before GC invocations=51 (full 4):
 PSYoungGen      total 210944K, used 188608K [0x00000000d5580000, 0x00000000e4b00000, 0x0000000100000000)
  eden space 176640K, 100% used [0x00000000d5580000,0x00000000e0200000,0x00000000e0200000)
  from space 34304K, 34% used [0x00000000e2980000,0x00000000e3530070,0x00000000e4b00000)
  to   space 37376K, 0% used [0x00000000e0200000,0x00000000e0200000,0x00000000e2680000)
 ParOldGen       total 169984K, used 50117K [0x0000000080000000, 0x000000008a600000, 0x00000000d5580000)
  object space 169984K, 29% used [0x0000000080000000,0x00000000830f1760,0x000000008a600000)
 Metaspace       used 91661K, capacity 97586K, committed 98636K, reserved 1134592K
  class space    used 11660K, capacity 12735K, committed 13056K, reserved 1048576K
Event: 4386.594 GC heap after
Heap after GC invocations=51 (full 4):
 PSYoungGen      total 214016K, used 14946K [0x00000000d5580000, 0x00000000e5780000, 0x0000000100000000)
  eden space 176640K, 0% used [0x00000000d5580000,0x00000000d5580000,0x00000000e0200000)
  from space 37376K, 39% used [0x00000000e0200000,0x00000000e1098a68,0x00000000e2680000)
  to   space 35840K, 0% used [0x00000000e3480000,0x00000000e3480000,0x00000000e5780000)
 ParOldGen       total 169984K, used 50125K [0x0000000080000000, 0x000000008a600000, 0x00000000d5580000)
  object space 169984K, 29% used [0x0000000080000000,0x00000000830f3760,0x000000008a600000)
 Metaspace       used 91661K, capacity 97586K, committed 98636K, reserved 1134592K
  class space    used 11660K, capacity 12735K, committed 13056K, reserved 1048576K
}

